\BOOKMARK [0][-]{chapter.1}{\376\377\000T\000\366\000l\000u\000r\000\040\000o\000g\000\040\000f\000\366\000l\000l}{}% 1
\BOOKMARK [1][-]{section.1.1}{\376\377\000I\000n\000n\000g\000a\000n\000g\000u\000r}{chapter.1}% 2
\BOOKMARK [1][-]{section.1.2}{\376\377\000T\000\366\000l\000u\000r}{chapter.1}% 3
\BOOKMARK [1][-]{section.1.3}{\376\377\000B\000i\000l}{chapter.1}% 4
\BOOKMARK [1][-]{section.1.4}{\376\377\000F\000\366\000l\000l}{chapter.1}% 5
\BOOKMARK [0][-]{chapter.2}{\376\377\000M\000a\000r\000k\000g\000i\000l\000d\000i\000\040\000o\000g\000\040\000s\000a\000m\000f\000e\000l\000l\000d\000n\000i}{}% 6
\BOOKMARK [1][-]{section.2.1}{\376\377\000M\000a\000r\000k\000g\000i\000l\000d\000i}{chapter.2}% 7
\BOOKMARK [1][-]{section.2.2}{\376\377\000M\000a\000r\000k\000g\000i\000l\000d\000i\000\040\000f\000r\000\341\000\040\000h\000\346\000g\000r\000i\000\040\000o\000g\000\040\000v\000i\000n\000s\000t\000r\000i}{chapter.2}% 8
\BOOKMARK [1][-]{section.2.3}{\376\377\000R\000e\000i\000k\000n\000i\000r\000e\000g\000l\000u\000r\000\040\000f\000y\000r\000i\000r\000\040\000m\000a\000r\000k\000g\000i\000l\000d\000i}{chapter.2}% 9
\BOOKMARK [1][-]{section.2.4}{\376\377\000M\000a\000r\000k\000g\000i\000l\000d\000i\000\040\000\376\000e\000g\000a\000r\000\040\000x\000\040\000s\000t\000e\000f\000n\000i\000r\000\040\000\341\000\040\000\363\000e\000n\000d\000a\000n\000l\000e\000g\000t}{chapter.2}% 10
\BOOKMARK [1][-]{section.2.5}{\376\377\000\323\000e\000n\000d\000a\000n\000l\000e\000g\000t\000\040\000s\000e\000m\000\040\000m\000a\000r\000k\000g\000i\000l\000d\000i}{chapter.2}% 11
\BOOKMARK [1][-]{section.2.6}{\376\377\000S\000a\000m\000f\000e\000l\000l\000d\000n\000i}{chapter.2}% 12
\BOOKMARK [1][-]{section.2.7}{\376\377\000H\000\346\000g\000r\000i\000/\000v\000i\000n\000s\000t\000r\000i\000\040\000s\000a\000m\000f\000e\000l\000l\000d\000n\000i}{chapter.2}% 13
\BOOKMARK [1][-]{section.2.8}{\376\377\000E\000i\000g\000i\000n\000l\000e\000i\000k\000a\000r\000\040\000s\000a\000m\000f\000e\000l\000l\000d\000r\000a\000\040\000f\000a\000l\000l\000a}{chapter.2}% 14
\BOOKMARK [0][-]{chapter.3}{\376\377\000A\000f\000l\000e\000i\000\360\000u\000r}{}% 15
\BOOKMARK [1][-]{section.3.1}{\376\377\000S\000k\000i\000l\000g\000r\000e\000i\000n\000i\000n\000g\000\040\000\341\000\040\000a\000f\000l\000e\000i\000\360\000u}{chapter.3}% 16
\BOOKMARK [1][-]{section.3.2}{\376\377\000\332\000t\000v\000\355\000k\000k\000u\000n\000\040\000f\000y\000r\000i\000r\000\040\000l\000o\000k\000u\000\360\000\040\000b\000i\000l}{chapter.3}% 17
\BOOKMARK [1][-]{section.3.3}{\376\377\000R\000e\000i\000k\000n\000i\000r\000e\000g\000l\000u\000r}{chapter.3}% 18
\BOOKMARK [1][-]{section.3.4}{\376\377\000H\000\346\000r\000r\000i\000\040\000a\000f\000l\000e\000i\000\360\000u\000r}{chapter.3}% 19
\BOOKMARK [1][-]{section.3.5}{\376\377\000\332\000t\000g\000i\000l\000d\000i}{chapter.3}% 20
\BOOKMARK [1][-]{section.3.6}{\376\377\000H\000o\000r\000n\000a\000f\000\366\000l\000l\000\040\000o\000g\000\040\000a\000f\000l\000e\000i\000\360\000u\000r\000\040\000\376\000e\000i\000r\000r\000a}{chapter.3}% 21
\BOOKMARK [1][-]{section.3.7}{\376\377\000M\000e\000\360\000a\000l\000g\000i\000l\000d\000i\000s\000s\000e\000t\000n\000i\000n\000g\000i\000n}{chapter.3}% 22
\BOOKMARK [1][-]{section.3.8}{\376\377\000V\000a\000x\000a\000n\000d\000i\000\040\000o\000g\000\040\000m\000i\000n\000n\000k\000a\000n\000d\000i\000\040\000f\000\366\000l\000l}{chapter.3}% 23
\BOOKMARK [1][-]{section.3.9}{\376\377\000F\000\363\000l\000g\000i\000n\000\040\000d\000i\000f\000f\000r\000u\000n}{chapter.3}% 24
\BOOKMARK [1][-]{section.3.10}{\376\377\000A\000n\000d\000h\000v\000e\000r\000f\000\040\000f\000\366\000l\000l}{chapter.3}% 25
\BOOKMARK [1][-]{section.3.11}{\376\377\000L\000\355\000n\000u\000l\000e\000g\000a\000r\000\040\000n\000\341\000l\000g\000a\000n\000i\000r}{chapter.3}% 26
\BOOKMARK [1][-]{section.3.12}{\376\377\000T\000a\000y\000l\000o\000r\000m\000a\000r\000g\000l\000i\000\360\000u\000r}{chapter.3}% 27
\BOOKMARK [1][-]{section.3.13}{\376\377\000R\000e\000g\000l\000a\000\040\000l\040\031\000H\000\364\000p\000i\000t\000a\000l}{chapter.3}% 28
\BOOKMARK [0][-]{chapter.4}{\376\377\000T\000o\000r\000r\000\346\000\360\000\040\000f\000\366\000l\000l}{}% 29
\BOOKMARK [1][-]{section.4.1}{\376\377\000N\000\341\000t\000t\000\372\000r\000l\000e\000g\000i\000\040\000l\000o\000g\000r\000i\000n\000n}{chapter.4}% 30
\BOOKMARK [1][-]{section.4.2}{\376\377\000V\000e\000l\000d\000i\000s\000v\000\355\000s\000i\000s\000f\000a\000l\000l\000i\000\360}{chapter.4}% 31
\BOOKMARK [1][-]{section.4.3}{\376\377\000\326\000n\000n\000u\000r\000\040\000v\000e\000l\000d\000i\000s\000v\000\355\000s\000i\000s\000f\000\366\000l\000l\000\040\000o\000g\000\040\000l\000o\000g\000r\000a\000r}{chapter.4}% 32
\BOOKMARK [1][-]{section.4.4}{\376\377\000E\000i\000g\000i\000n\000l\000e\000i\000k\000a\000r\000\040\000v\000e\000l\000d\000i\000s\000v\000\355\000s\000i\000s\000f\000a\000l\000l\000a\000\040\000o\000g\000\040\000l\000o\000g\000r\000a}{chapter.4}% 33
\BOOKMARK [1][-]{section.4.5}{\376\377\000A\000n\000d\000h\000v\000e\000r\000f\000u\000r\000\040\000h\000o\000r\000n\000a\000f\000a\000l\000l\000a}{chapter.4}% 34
\BOOKMARK [1][-]{section.4.6}{\376\377\000B\000r\000e\000i\000\360\000b\000o\000g\000a\000f\000\366\000l\000l}{chapter.4}% 35
\BOOKMARK [1][-]{section.4.7}{\376\377\000A\000n\000d\000h\000v\000e\000r\000f\000u\000r\000\040\000b\000r\000e\000i\000\360\000b\000o\000g\000a\000f\000a\000l\000l\000a}{chapter.4}% 36
\BOOKMARK [0][-]{chapter.5}{\376\377\000K\000\366\000n\000n\000u\000n\000\040\000f\000a\000l\000l\000a}{}% 37
\BOOKMARK [1][-]{section.5.1}{\376\377\000I\000n\000n\000g\000a\000n\000g\000u\000r}{chapter.5}% 38
\BOOKMARK [1][-]{section.5.2}{\376\377\000K\000\372\000p\000n\000i}{chapter.5}% 39
\BOOKMARK [1][-]{section.5.3}{\376\377\000A\000u\000\360\000k\000e\000n\000n\000i\000n\000g\000\040\000\341\000\040\000k\000\372\000p\000n\000i\000\040\000m\000e\000\360\000\040\000a\000f\000l\000e\000i\000\360\000u\000m}{chapter.5}% 40
\BOOKMARK [1][-]{section.5.4}{\376\377\000B\000e\000y\000g\000j\000u\000s\000k\000i\000l\000a\000p\000u\000n\000k\000t\000a\000r}{chapter.5}% 41
\BOOKMARK [1][-]{section.5.5}{\376\377\000\332\000t\000g\000i\000l\000d\000i}{chapter.5}% 42
\BOOKMARK [1][-]{section.5.6}{\376\377\000A\000\360\000f\000e\000l\000l\000u\000r}{chapter.5}% 43
\BOOKMARK [1][-]{section.5.7}{\376\377\000A\000\360\000\040\000t\000e\000i\000k\000n\000a\000\040\000g\000r\000a\000f\000\040\000f\000a\000l\000l\000s}{chapter.5}% 44
\BOOKMARK [1][-]{section.5.8}{\376\377\000\332\000t\000g\000i\000l\000d\000i\000s\000v\000e\000r\000k\000e\000f\000n\000i}{chapter.5}% 45
\BOOKMARK [0][-]{chapter.6}{\376\377\000H\000e\000i\000l\000d\000u\000n}{}% 46
\BOOKMARK [1][-]{section.6.1}{\376\377\000H\000e\000i\000l\000d\000u\000n}{chapter.6}% 47
\BOOKMARK [1][-]{section.6.2}{\376\377\000U\000n\000d\000i\000r\000-\000\040\000o\000g\000\040\000y\000f\000i\000r\000s\000u\000m\000m\000u\000r}{chapter.6}% 48
\BOOKMARK [1][-]{section.6.3}{\376\377\000E\000i\000g\000i\000n\000l\000e\000i\000k\000a\000r\000\040\000h\000e\000i\000l\000d\000i\000s\000i\000n\000s}{chapter.6}% 49
\BOOKMARK [1][-]{section.6.4}{\376\377\000U\000n\000d\000i\000r\000s\000t\000\366\000\360\000u\000s\000e\000t\000n\000i\000n\000g\000\040\000s\000t\000\346\000r\000\360\000f\000r\000\346\000\360\000i\000g\000r\000e\000i\000n\000i\000n\000g\000a\000r\000i\000n\000n\000a\000r}{chapter.6}% 50
\BOOKMARK [1][-]{section.6.5}{\376\377\000S\000t\000o\000f\000n\000f\000\366\000l\000l}{chapter.6}% 51
\BOOKMARK [1][-]{section.6.6}{\376\377\000A\000\360\000f\000e\000r\000\360\000i\000r\000\040\000v\000i\000\360\000\040\000a\000\360\000\040\000r\000e\000i\000k\000n\000a\000\040\000s\000t\000o\000f\000n\000f\000\366\000l\000l}{chapter.6}% 52
\BOOKMARK [1][-]{section.6.7}{\376\377\000\323\000e\000i\000g\000i\000n\000l\000e\000g\000\040\000h\000e\000i\000l\000d\000i}{chapter.6}% 53
\BOOKMARK [0][-]{chapter.7}{\376\377\000R\000\372\000m\000m\000\341\000l\000,\000\040\000m\000a\000s\000s\000i\000\040\000o\000g\000\040\000m\000a\000s\000s\000a\000m\000i\000\360\000j\000a}{}% 54
\BOOKMARK [1][-]{section.7.1}{\376\377\000R\000\372\000m\000m\000\341\000l\000,\000\040\000l\000e\000n\000g\000d\000\040\000o\000g\000\040\000f\000l\000a\000t\000a\000r\000m\000\341\000l}{chapter.7}% 55
\BOOKMARK [1][-]{section.7.2}{\376\377\000M\000a\000s\000s\000i}{chapter.7}% 56
\BOOKMARK [1][-]{section.7.3}{\376\377\000M\000a\000s\000s\000a\000m\000i\000\360\000j\000a}{chapter.7}% 57
\BOOKMARK [0][-]{chapter.8}{\376\377\000D\000i\000f\000f\000u\000r\000j\000\366\000f\000n\000u\000r}{}% 58
\BOOKMARK [1][-]{section.8.1}{\376\377\000D\000i\000f\000f\000u\000r\000j\000\366\000f\000n\000u\000r}{chapter.8}% 59
\BOOKMARK [1][-]{section.8.2}{\376\377\000L\000\355\000n\000u\000l\000e\000g\000a\000r\000\040\000f\000y\000r\000s\000t\000a\000\040\000s\000t\000i\000g\000s\000\040\000d\000i\000f\000f\000u\000r\000j\000\366\000f\000n\000u\000r}{chapter.8}% 60
\BOOKMARK [1][-]{section.8.3}{\376\377\000L\000\355\000n\000u\000l\000e\000g\000a\000r\000\040\000a\000n\000n\000a\000r\000s\000\040\000s\000t\000i\000g\000s\000\040\000d\000i\000f\000f\000u\000r\000j\000\366\000f\000n\000u\000r\000\040\000m\000e\000\360\000\040\000f\000a\000s\000t\000a\000s\000t\000u\000\360\000l\000a}{chapter.8}% 61
\BOOKMARK [1][-]{section.8.4}{\376\377\000\301\000g\000i\000s\000k\000a\000n\000i\000r}{chapter.8}% 62
\BOOKMARK [1][-]{section.8.5}{\376\377\000S\000a\000m\000a\000n\000t\000e\000k\000t}{chapter.8}% 63
\BOOKMARK [0][-]{chapter.9}{\376\377\000R\000u\000n\000u\000r\000\040\000o\000g\000\040\000r\000a\000\360\000i\000r}{}% 64
\BOOKMARK [1][-]{section.9.1}{\376\377\000R\000u\000n\000u\000r}{chapter.9}% 65
\BOOKMARK [1][-]{section.9.2}{\376\377\000R\000a\000\360\000i\000r}{chapter.9}% 66
\BOOKMARK [1][-]{section.9.3}{\376\377\000S\000a\000m\000l\000e\000i\000t\000n\000i\000p\000r\000\363\000f\000\040\000f\000y\000r\000i\000r\000\040\000r\000a\000\360\000i\000r}{chapter.9}% 67
\BOOKMARK [1][-]{section.9.4}{\376\377\000A\000l\000s\000a\000m\000l\000e\000i\000t\000n\000i}{chapter.9}% 68
\BOOKMARK [0][-]{chapter.10}{\376\377\000V\000e\000l\000d\000a\000r\000a\000\360\000i\000r}{}% 69
\BOOKMARK [1][-]{section.10.1}{\376\377\000V\000e\000l\000d\000a\000r\000a\000\360\000i\000r}{chapter.10}% 70
\BOOKMARK [1][-]{section.10.2}{\376\377\000S\000a\000m\000l\000e\000i\000t\000n\000i\000p\000r\000\363\000f}{chapter.10}% 71
\BOOKMARK [1][-]{section.10.3}{\376\377\000T\000a\000y\000l\000o\000r\000r\000a\000\360\000i\000r}{chapter.10}% 72
\BOOKMARK [0][-]{chapter.11}{\376\377\000V\000i\000\360\000a\000u\000k\000i}{}% 73
\BOOKMARK [1][-]{section.11.1}{\376\377\000K\000e\000n\000n\000s\000l\000u\000\341\000\346\000t\000l\000u\000n}{chapter.11}% 74
\BOOKMARK [1][-]{section.11.2}{\376\377\000S\000k\000i\000p\000u\000l\000a\000g\000\040\000n\000\341\000m\000s\000k\000e\000i\000\360\000s\000i\000n\000s}{chapter.11}% 75
\BOOKMARK [1][-]{section.11.3}{\376\377\000F\000r\000\341\000g\000a\000n\000g\000u\000r\000\040\000s\000k\000i\000l\000a\000d\000\346\000m\000a}{chapter.11}% 76
\BOOKMARK [1][-]{section.11.4}{\376\377\000\315\000t\000a\000r\000e\000f\000n\000i}{chapter.11}% 77
\BOOKMARK [1][-]{section.11.5}{\376\377\000A\000\360\000\040\000l\000\346\000r\000a\000\040\000s\000t\000\346\000r\000\360\000f\000r\000\346\000\360\000i}{chapter.11}% 78
\BOOKMARK [0][-]{chapter.12}{\376\377\000O\000r\000\360\000a\000s\000k\000r\000\341}{}% 79
\BOOKMARK [0][-]{chapter.13}{\376\377\000A\000t\000r\000i\000\360\000a\000s\000k\000r\000\341}{}% 80
