This is pdfTeX, Version 3.14159265-2.6-1.40.18 (TeX Live 2017/Arch Linux) (preloaded format=pdflatex 2017.8.14)  19 AUG 2017 14:38
entering extended mode
 restricted \write18 enabled.
 %&-line parsing enabled.
**StaeI
(./StaeI.tex
LaTeX2e <2017-04-15>
Babel <3.12> and hyphenation patterns for 84 language(s) loaded.
(./sphinxmanual.cls
Document Class: sphinxmanual 2009/06/02 Document class (Sphinx manual)
(/usr/share/texmf-dist/tex/latex/base/report.cls
Document Class: report 2014/09/29 v1.4h Standard LaTeX document class
(/usr/share/texmf-dist/tex/latex/base/size10.clo
File: size10.clo 2014/09/29 v1.4h Standard LaTeX file (size option)
)
\c@part=\count79
\c@chapter=\count80
\c@section=\count81
\c@subsection=\count82
\c@subsubsection=\count83
\c@paragraph=\count84
\c@subparagraph=\count85
\c@figure=\count86
\c@table=\count87
\abovecaptionskip=\skip41
\belowcaptionskip=\skip42
\bibindent=\dimen102
)) (./iftex.sty
Package: iftex 2013/04/04 v0.2 Provides if(tex) conditional for PDFTeX, XeTeX, 
and LuaTeX
)
(/usr/share/texmf-dist/tex/latex/base/inputenc.sty
Package: inputenc 2015/03/17 v1.2c Input encoding file
\inpenc@prehook=\toks14
\inpenc@posthook=\toks15

(/usr/share/texmf-dist/tex/latex/base/utf8.def
File: utf8.def 2017/01/28 v1.1t UTF-8 support for inputenc
Now handling font encoding OML ...
... no UTF-8 mapping file for font encoding OML
Now handling font encoding T1 ...
... processing UTF-8 mapping file for font encoding T1

(/usr/share/texmf-dist/tex/latex/base/t1enc.dfu
File: t1enc.dfu 2017/01/28 v1.1t UTF-8 support for inputenc
   defining Unicode char U+00A0 (decimal 160)
   defining Unicode char U+00A1 (decimal 161)
   defining Unicode char U+00A3 (decimal 163)
   defining Unicode char U+00AB (decimal 171)
   defining Unicode char U+00AD (decimal 173)
   defining Unicode char U+00BB (decimal 187)
   defining Unicode char U+00BF (decimal 191)
   defining Unicode char U+00C0 (decimal 192)
   defining Unicode char U+00C1 (decimal 193)
   defining Unicode char U+00C2 (decimal 194)
   defining Unicode char U+00C3 (decimal 195)
   defining Unicode char U+00C4 (decimal 196)
   defining Unicode char U+00C5 (decimal 197)
   defining Unicode char U+00C6 (decimal 198)
   defining Unicode char U+00C7 (decimal 199)
   defining Unicode char U+00C8 (decimal 200)
   defining Unicode char U+00C9 (decimal 201)
   defining Unicode char U+00CA (decimal 202)
   defining Unicode char U+00CB (decimal 203)
   defining Unicode char U+00CC (decimal 204)
   defining Unicode char U+00CD (decimal 205)
   defining Unicode char U+00CE (decimal 206)
   defining Unicode char U+00CF (decimal 207)
   defining Unicode char U+00D0 (decimal 208)
   defining Unicode char U+00D1 (decimal 209)
   defining Unicode char U+00D2 (decimal 210)
   defining Unicode char U+00D3 (decimal 211)
   defining Unicode char U+00D4 (decimal 212)
   defining Unicode char U+00D5 (decimal 213)
   defining Unicode char U+00D6 (decimal 214)
   defining Unicode char U+00D8 (decimal 216)
   defining Unicode char U+00D9 (decimal 217)
   defining Unicode char U+00DA (decimal 218)
   defining Unicode char U+00DB (decimal 219)
   defining Unicode char U+00DC (decimal 220)
   defining Unicode char U+00DD (decimal 221)
   defining Unicode char U+00DE (decimal 222)
   defining Unicode char U+00DF (decimal 223)
   defining Unicode char U+00E0 (decimal 224)
   defining Unicode char U+00E1 (decimal 225)
   defining Unicode char U+00E2 (decimal 226)
   defining Unicode char U+00E3 (decimal 227)
   defining Unicode char U+00E4 (decimal 228)
   defining Unicode char U+00E5 (decimal 229)
   defining Unicode char U+00E6 (decimal 230)
   defining Unicode char U+00E7 (decimal 231)
   defining Unicode char U+00E8 (decimal 232)
   defining Unicode char U+00E9 (decimal 233)
   defining Unicode char U+00EA (decimal 234)
   defining Unicode char U+00EB (decimal 235)
   defining Unicode char U+00EC (decimal 236)
   defining Unicode char U+00ED (decimal 237)
   defining Unicode char U+00EE (decimal 238)
   defining Unicode char U+00EF (decimal 239)
   defining Unicode char U+00F0 (decimal 240)
   defining Unicode char U+00F1 (decimal 241)
   defining Unicode char U+00F2 (decimal 242)
   defining Unicode char U+00F3 (decimal 243)
   defining Unicode char U+00F4 (decimal 244)
   defining Unicode char U+00F5 (decimal 245)
   defining Unicode char U+00F6 (decimal 246)
   defining Unicode char U+00F8 (decimal 248)
   defining Unicode char U+00F9 (decimal 249)
   defining Unicode char U+00FA (decimal 250)
   defining Unicode char U+00FB (decimal 251)
   defining Unicode char U+00FC (decimal 252)
   defining Unicode char U+00FD (decimal 253)
   defining Unicode char U+00FE (decimal 254)
   defining Unicode char U+00FF (decimal 255)
   defining Unicode char U+0100 (decimal 256)
   defining Unicode char U+0101 (decimal 257)
   defining Unicode char U+0102 (decimal 258)
   defining Unicode char U+0103 (decimal 259)
   defining Unicode char U+0104 (decimal 260)
   defining Unicode char U+0105 (decimal 261)
   defining Unicode char U+0106 (decimal 262)
   defining Unicode char U+0107 (decimal 263)
   defining Unicode char U+0108 (decimal 264)
   defining Unicode char U+0109 (decimal 265)
   defining Unicode char U+010A (decimal 266)
   defining Unicode char U+010B (decimal 267)
   defining Unicode char U+010C (decimal 268)
   defining Unicode char U+010D (decimal 269)
   defining Unicode char U+010E (decimal 270)
   defining Unicode char U+010F (decimal 271)
   defining Unicode char U+0110 (decimal 272)
   defining Unicode char U+0111 (decimal 273)
   defining Unicode char U+0112 (decimal 274)
   defining Unicode char U+0113 (decimal 275)
   defining Unicode char U+0114 (decimal 276)
   defining Unicode char U+0115 (decimal 277)
   defining Unicode char U+0116 (decimal 278)
   defining Unicode char U+0117 (decimal 279)
   defining Unicode char U+0118 (decimal 280)
   defining Unicode char U+0119 (decimal 281)
   defining Unicode char U+011A (decimal 282)
   defining Unicode char U+011B (decimal 283)
   defining Unicode char U+011C (decimal 284)
   defining Unicode char U+011D (decimal 285)
   defining Unicode char U+011E (decimal 286)
   defining Unicode char U+011F (decimal 287)
   defining Unicode char U+0120 (decimal 288)
   defining Unicode char U+0121 (decimal 289)
   defining Unicode char U+0122 (decimal 290)
   defining Unicode char U+0123 (decimal 291)
   defining Unicode char U+0124 (decimal 292)
   defining Unicode char U+0125 (decimal 293)
   defining Unicode char U+0128 (decimal 296)
   defining Unicode char U+0129 (decimal 297)
   defining Unicode char U+012A (decimal 298)
   defining Unicode char U+012B (decimal 299)
   defining Unicode char U+012C (decimal 300)
   defining Unicode char U+012D (decimal 301)
   defining Unicode char U+012E (decimal 302)
   defining Unicode char U+012F (decimal 303)
   defining Unicode char U+0130 (decimal 304)
   defining Unicode char U+0131 (decimal 305)
   defining Unicode char U+0132 (decimal 306)
   defining Unicode char U+0133 (decimal 307)
   defining Unicode char U+0134 (decimal 308)
   defining Unicode char U+0135 (decimal 309)
   defining Unicode char U+0136 (decimal 310)
   defining Unicode char U+0137 (decimal 311)
   defining Unicode char U+0139 (decimal 313)
   defining Unicode char U+013A (decimal 314)
   defining Unicode char U+013B (decimal 315)
   defining Unicode char U+013C (decimal 316)
   defining Unicode char U+013D (decimal 317)
   defining Unicode char U+013E (decimal 318)
   defining Unicode char U+0141 (decimal 321)
   defining Unicode char U+0142 (decimal 322)
   defining Unicode char U+0143 (decimal 323)
   defining Unicode char U+0144 (decimal 324)
   defining Unicode char U+0145 (decimal 325)
   defining Unicode char U+0146 (decimal 326)
   defining Unicode char U+0147 (decimal 327)
   defining Unicode char U+0148 (decimal 328)
   defining Unicode char U+014A (decimal 330)
   defining Unicode char U+014B (decimal 331)
   defining Unicode char U+014C (decimal 332)
   defining Unicode char U+014D (decimal 333)
   defining Unicode char U+014E (decimal 334)
   defining Unicode char U+014F (decimal 335)
   defining Unicode char U+0150 (decimal 336)
   defining Unicode char U+0151 (decimal 337)
   defining Unicode char U+0152 (decimal 338)
   defining Unicode char U+0153 (decimal 339)
   defining Unicode char U+0154 (decimal 340)
   defining Unicode char U+0155 (decimal 341)
   defining Unicode char U+0156 (decimal 342)
   defining Unicode char U+0157 (decimal 343)
   defining Unicode char U+0158 (decimal 344)
   defining Unicode char U+0159 (decimal 345)
   defining Unicode char U+015A (decimal 346)
   defining Unicode char U+015B (decimal 347)
   defining Unicode char U+015C (decimal 348)
   defining Unicode char U+015D (decimal 349)
   defining Unicode char U+015E (decimal 350)
   defining Unicode char U+015F (decimal 351)
   defining Unicode char U+0160 (decimal 352)
   defining Unicode char U+0161 (decimal 353)
   defining Unicode char U+0162 (decimal 354)
   defining Unicode char U+0163 (decimal 355)
   defining Unicode char U+0164 (decimal 356)
   defining Unicode char U+0165 (decimal 357)
   defining Unicode char U+0168 (decimal 360)
   defining Unicode char U+0169 (decimal 361)
   defining Unicode char U+016A (decimal 362)
   defining Unicode char U+016B (decimal 363)
   defining Unicode char U+016C (decimal 364)
   defining Unicode char U+016D (decimal 365)
   defining Unicode char U+016E (decimal 366)
   defining Unicode char U+016F (decimal 367)
   defining Unicode char U+0170 (decimal 368)
   defining Unicode char U+0171 (decimal 369)
   defining Unicode char U+0172 (decimal 370)
   defining Unicode char U+0173 (decimal 371)
   defining Unicode char U+0174 (decimal 372)
   defining Unicode char U+0175 (decimal 373)
   defining Unicode char U+0176 (decimal 374)
   defining Unicode char U+0177 (decimal 375)
   defining Unicode char U+0178 (decimal 376)
   defining Unicode char U+0179 (decimal 377)
   defining Unicode char U+017A (decimal 378)
   defining Unicode char U+017B (decimal 379)
   defining Unicode char U+017C (decimal 380)
   defining Unicode char U+017D (decimal 381)
   defining Unicode char U+017E (decimal 382)
   defining Unicode char U+01CD (decimal 461)
   defining Unicode char U+01CE (decimal 462)
   defining Unicode char U+01CF (decimal 463)
   defining Unicode char U+01D0 (decimal 464)
   defining Unicode char U+01D1 (decimal 465)
   defining Unicode char U+01D2 (decimal 466)
   defining Unicode char U+01D3 (decimal 467)
   defining Unicode char U+01D4 (decimal 468)
   defining Unicode char U+01E2 (decimal 482)
   defining Unicode char U+01E3 (decimal 483)
   defining Unicode char U+01E6 (decimal 486)
   defining Unicode char U+01E7 (decimal 487)
   defining Unicode char U+01E8 (decimal 488)
   defining Unicode char U+01E9 (decimal 489)
   defining Unicode char U+01EA (decimal 490)
   defining Unicode char U+01EB (decimal 491)
   defining Unicode char U+01F0 (decimal 496)
   defining Unicode char U+01F4 (decimal 500)
   defining Unicode char U+01F5 (decimal 501)
   defining Unicode char U+0218 (decimal 536)
   defining Unicode char U+0219 (decimal 537)
   defining Unicode char U+021A (decimal 538)
   defining Unicode char U+021B (decimal 539)
   defining Unicode char U+0232 (decimal 562)
   defining Unicode char U+0233 (decimal 563)
   defining Unicode char U+1E02 (decimal 7682)
   defining Unicode char U+1E03 (decimal 7683)
   defining Unicode char U+200C (decimal 8204)
   defining Unicode char U+2010 (decimal 8208)
   defining Unicode char U+2011 (decimal 8209)
   defining Unicode char U+2012 (decimal 8210)
   defining Unicode char U+2013 (decimal 8211)
   defining Unicode char U+2014 (decimal 8212)
   defining Unicode char U+2015 (decimal 8213)
   defining Unicode char U+2018 (decimal 8216)
   defining Unicode char U+2019 (decimal 8217)
   defining Unicode char U+201A (decimal 8218)
   defining Unicode char U+201C (decimal 8220)
   defining Unicode char U+201D (decimal 8221)
   defining Unicode char U+201E (decimal 8222)
   defining Unicode char U+2030 (decimal 8240)
   defining Unicode char U+2031 (decimal 8241)
   defining Unicode char U+2039 (decimal 8249)
   defining Unicode char U+203A (decimal 8250)
   defining Unicode char U+2423 (decimal 9251)
   defining Unicode char U+1E20 (decimal 7712)
   defining Unicode char U+1E21 (decimal 7713)
)
Now handling font encoding OT1 ...
... processing UTF-8 mapping file for font encoding OT1

(/usr/share/texmf-dist/tex/latex/base/ot1enc.dfu
File: ot1enc.dfu 2017/01/28 v1.1t UTF-8 support for inputenc
   defining Unicode char U+00A0 (decimal 160)
   defining Unicode char U+00A1 (decimal 161)
   defining Unicode char U+00A3 (decimal 163)
   defining Unicode char U+00AD (decimal 173)
   defining Unicode char U+00B8 (decimal 184)
   defining Unicode char U+00BF (decimal 191)
   defining Unicode char U+00C5 (decimal 197)
   defining Unicode char U+00C6 (decimal 198)
   defining Unicode char U+00D8 (decimal 216)
   defining Unicode char U+00DF (decimal 223)
   defining Unicode char U+00E6 (decimal 230)
   defining Unicode char U+00EC (decimal 236)
   defining Unicode char U+00ED (decimal 237)
   defining Unicode char U+00EE (decimal 238)
   defining Unicode char U+00EF (decimal 239)
   defining Unicode char U+00F8 (decimal 248)
   defining Unicode char U+0131 (decimal 305)
   defining Unicode char U+0141 (decimal 321)
   defining Unicode char U+0142 (decimal 322)
   defining Unicode char U+0152 (decimal 338)
   defining Unicode char U+0153 (decimal 339)
   defining Unicode char U+0174 (decimal 372)
   defining Unicode char U+0175 (decimal 373)
   defining Unicode char U+0176 (decimal 374)
   defining Unicode char U+0177 (decimal 375)
   defining Unicode char U+0218 (decimal 536)
   defining Unicode char U+0219 (decimal 537)
   defining Unicode char U+021A (decimal 538)
   defining Unicode char U+021B (decimal 539)
   defining Unicode char U+2013 (decimal 8211)
   defining Unicode char U+2014 (decimal 8212)
   defining Unicode char U+2018 (decimal 8216)
   defining Unicode char U+2019 (decimal 8217)
   defining Unicode char U+201C (decimal 8220)
   defining Unicode char U+201D (decimal 8221)
)
Now handling font encoding OMS ...
... processing UTF-8 mapping file for font encoding OMS

(/usr/share/texmf-dist/tex/latex/base/omsenc.dfu
File: omsenc.dfu 2017/01/28 v1.1t UTF-8 support for inputenc
   defining Unicode char U+00A7 (decimal 167)
   defining Unicode char U+00B6 (decimal 182)
   defining Unicode char U+00B7 (decimal 183)
   defining Unicode char U+2020 (decimal 8224)
   defining Unicode char U+2021 (decimal 8225)
   defining Unicode char U+2022 (decimal 8226)
)
Now handling font encoding OMX ...
... no UTF-8 mapping file for font encoding OMX
Now handling font encoding U ...
... no UTF-8 mapping file for font encoding U
   defining Unicode char U+00A9 (decimal 169)
   defining Unicode char U+00AA (decimal 170)
   defining Unicode char U+00AE (decimal 174)
   defining Unicode char U+00BA (decimal 186)
   defining Unicode char U+02C6 (decimal 710)
   defining Unicode char U+02DC (decimal 732)
   defining Unicode char U+200C (decimal 8204)
   defining Unicode char U+2026 (decimal 8230)
   defining Unicode char U+2122 (decimal 8482)
   defining Unicode char U+2423 (decimal 9251)
))
   defining Unicode char U+00A0 (decimal 160)

(/usr/share/texmf-dist/tex/latex/cmap/cmap.sty
Package: cmap 2008/03/06 v1.0h CMap support: searchable PDF
)
(/usr/share/texmf-dist/tex/latex/base/fontenc.sty
Package: fontenc 2017/04/05 v2.0i Standard LaTeX package

(/usr/share/texmf-dist/tex/latex/base/t1enc.def
File: t1enc.def 2017/04/05 v2.0i Standard LaTeX file
LaTeX Font Info:    Redeclaring font encoding T1 on input line 48.
)<<t1.cmap>>)
(/usr/share/texmf-dist/tex/latex/amsmath/amsmath.sty
Package: amsmath 2016/11/05 v2.16a AMS math features
\@mathmargin=\skip43

For additional information on amsmath, use the `?' option.
(/usr/share/texmf-dist/tex/latex/amsmath/amstext.sty
Package: amstext 2000/06/29 v2.01 AMS text

(/usr/share/texmf-dist/tex/latex/amsmath/amsgen.sty
File: amsgen.sty 1999/11/30 v2.0 generic functions
\@emptytoks=\toks16
\ex@=\dimen103
))
(/usr/share/texmf-dist/tex/latex/amsmath/amsbsy.sty
Package: amsbsy 1999/11/29 v1.2d Bold Symbols
\pmbraise@=\dimen104
)
(/usr/share/texmf-dist/tex/latex/amsmath/amsopn.sty
Package: amsopn 2016/03/08 v2.02 operator names
)
\inf@bad=\count88
LaTeX Info: Redefining \frac on input line 213.
\uproot@=\count89
\leftroot@=\count90
LaTeX Info: Redefining \overline on input line 375.
\classnum@=\count91
\DOTSCASE@=\count92
LaTeX Info: Redefining \ldots on input line 472.
LaTeX Info: Redefining \dots on input line 475.
LaTeX Info: Redefining \cdots on input line 596.
\Mathstrutbox@=\box26
\strutbox@=\box27
\big@size=\dimen105
LaTeX Font Info:    Redeclaring font encoding OML on input line 712.
LaTeX Font Info:    Redeclaring font encoding OMS on input line 713.
\macc@depth=\count93
\c@MaxMatrixCols=\count94
\dotsspace@=\muskip10
\c@parentequation=\count95
\dspbrk@lvl=\count96
\tag@help=\toks17
\row@=\count97
\column@=\count98
\maxfields@=\count99
\andhelp@=\toks18
\eqnshift@=\dimen106
\alignsep@=\dimen107
\tagshift@=\dimen108
\tagwidth@=\dimen109
\totwidth@=\dimen110
\lineht@=\dimen111
\@envbody=\toks19
\multlinegap=\skip44
\multlinetaggap=\skip45
\mathdisplay@stack=\toks20
LaTeX Info: Redefining \[ on input line 2817.
LaTeX Info: Redefining \] on input line 2818.
)
(/usr/share/texmf-dist/tex/latex/amsfonts/amssymb.sty
Package: amssymb 2013/01/14 v3.01 AMS font symbols

(/usr/share/texmf-dist/tex/latex/amsfonts/amsfonts.sty
Package: amsfonts 2013/01/14 v3.01 Basic AMSFonts support
\symAMSa=\mathgroup4
\symAMSb=\mathgroup5
LaTeX Font Info:    Overwriting math alphabet `\mathfrak' in version `bold'
(Font)                  U/euf/m/n --> U/euf/b/n on input line 106.
))
(/usr/share/texmf-dist/tex/generic/babel/babel.sty
Package: babel 2017/06/29 3.12 The Babel package

(/usr/share/texmf-dist/tex/generic/babel/switch.def
File: switch.def 2017/06/29 3.12 Babel switching mechanism
)
(/usr/share/texmf-dist/tex/generic/babel-icelandic/icelandic.ldf
Language: icelandic 2016/01/14 v1.2b Icelandic support from the babel system

(/usr/share/texmf-dist/tex/generic/babel/babel.def
File: babel.def 2017/06/29 3.12 Babel common definitions

(/usr/share/texmf-dist/tex/generic/babel/switch.def
File: switch.def 2017/06/29 3.12 Babel switching mechanism
)
\babel@savecnt=\count100
\U@D=\dimen112
)
Package babel Info: Making " an active character on input line 127.
\pl@left=\dimen113
\pl@down=\dimen114
\pl@right=\dimen115
\pl@temp=\dimen116
))
(/usr/share/texmf-dist/tex/latex/psnfss/times.sty
Package: times 2005/04/12 PSNFSS-v9.2a (SPQR) 
) (./fncychap.sty
Package: fncychap 2007/07/30 v1.34 LaTeX package (Revised chapters)
\RW=\skip46
\mylen=\skip47
\myhi=\skip48
\px=\skip49
\py=\skip50
\pyy=\skip51
\pxx=\skip52
)
(/usr/share/texmf-dist/tex/latex/tools/longtable.sty
Package: longtable 2014/10/28 v4.11 Multi-page Table package (DPC)
\LTleft=\skip53
\LTright=\skip54
\LTpre=\skip55
\LTpost=\skip56
\LTchunksize=\count101
\LTcapwidth=\dimen117
\LT@head=\box28
\LT@firsthead=\box29
\LT@foot=\box30
\LT@lastfoot=\box31
\LT@cols=\count102
\LT@rows=\count103
\c@LT@tables=\count104
\c@LT@chunks=\count105
\LT@p@ftn=\toks21
) (./sphinx.sty
Package: sphinx 2010/01/15 LaTeX package (Sphinx markup)

(/usr/share/texmf-dist/tex/latex/fancyhdr/fancyhdr.sty
Package: fancyhdr 2017/06/30 v3.9a Extensive control of page headers and footer
s
\f@nch@headwidth=\skip57
\f@nch@O@elh=\skip58
\f@nch@O@erh=\skip59
\f@nch@O@olh=\skip60
\f@nch@O@orh=\skip61
\f@nch@O@elf=\skip62
\f@nch@O@erf=\skip63
\f@nch@O@olf=\skip64
\f@nch@O@orf=\skip65
)
(/usr/share/texmf-dist/tex/latex/base/textcomp.sty
Package: textcomp 2017/04/05 v2.0i Standard LaTeX package
Package textcomp Info: Sub-encoding information:
(textcomp)               5 = only ISO-Adobe without \textcurrency
(textcomp)               4 = 5 + \texteuro
(textcomp)               3 = 4 + \textohm
(textcomp)               2 = 3 + \textestimated + \textcurrency
(textcomp)               1 = TS1 - \textcircled - \t
(textcomp)               0 = TS1 (full)
(textcomp)             Font families with sub-encoding setting implement
(textcomp)             only a restricted character set as indicated.
(textcomp)             Family '?' is the default used for unknown fonts.
(textcomp)             See the documentation for details.
Package textcomp Info: Setting ? sub-encoding to TS1/1 on input line 79.

(/usr/share/texmf-dist/tex/latex/base/ts1enc.def
File: ts1enc.def 2001/06/05 v3.0e (jk/car/fm) Standard LaTeX file
Now handling font encoding TS1 ...
... processing UTF-8 mapping file for font encoding TS1

(/usr/share/texmf-dist/tex/latex/base/ts1enc.dfu
File: ts1enc.dfu 2017/01/28 v1.1t UTF-8 support for inputenc
   defining Unicode char U+00A2 (decimal 162)
   defining Unicode char U+00A3 (decimal 163)
   defining Unicode char U+00A4 (decimal 164)
   defining Unicode char U+00A5 (decimal 165)
   defining Unicode char U+00A6 (decimal 166)
   defining Unicode char U+00A7 (decimal 167)
   defining Unicode char U+00A8 (decimal 168)
   defining Unicode char U+00A9 (decimal 169)
   defining Unicode char U+00AA (decimal 170)
   defining Unicode char U+00AC (decimal 172)
   defining Unicode char U+00AE (decimal 174)
   defining Unicode char U+00AF (decimal 175)
   defining Unicode char U+00B0 (decimal 176)
   defining Unicode char U+00B1 (decimal 177)
   defining Unicode char U+00B2 (decimal 178)
   defining Unicode char U+00B3 (decimal 179)
   defining Unicode char U+00B4 (decimal 180)
   defining Unicode char U+00B5 (decimal 181)
   defining Unicode char U+00B6 (decimal 182)
   defining Unicode char U+00B7 (decimal 183)
   defining Unicode char U+00B9 (decimal 185)
   defining Unicode char U+00BA (decimal 186)
   defining Unicode char U+00BC (decimal 188)
   defining Unicode char U+00BD (decimal 189)
   defining Unicode char U+00BE (decimal 190)
   defining Unicode char U+00D7 (decimal 215)
   defining Unicode char U+00F7 (decimal 247)
   defining Unicode char U+0192 (decimal 402)
   defining Unicode char U+02C7 (decimal 711)
   defining Unicode char U+02D8 (decimal 728)
   defining Unicode char U+02DD (decimal 733)
   defining Unicode char U+0E3F (decimal 3647)
   defining Unicode char U+2016 (decimal 8214)
   defining Unicode char U+2020 (decimal 8224)
   defining Unicode char U+2021 (decimal 8225)
   defining Unicode char U+2022 (decimal 8226)
   defining Unicode char U+2030 (decimal 8240)
   defining Unicode char U+2031 (decimal 8241)
   defining Unicode char U+203B (decimal 8251)
   defining Unicode char U+203D (decimal 8253)
   defining Unicode char U+2044 (decimal 8260)
   defining Unicode char U+204E (decimal 8270)
   defining Unicode char U+2052 (decimal 8274)
   defining Unicode char U+20A1 (decimal 8353)
   defining Unicode char U+20A4 (decimal 8356)
   defining Unicode char U+20A6 (decimal 8358)
   defining Unicode char U+20A9 (decimal 8361)
   defining Unicode char U+20AB (decimal 8363)
   defining Unicode char U+20AC (decimal 8364)
   defining Unicode char U+20B1 (decimal 8369)
   defining Unicode char U+2103 (decimal 8451)
   defining Unicode char U+2116 (decimal 8470)
   defining Unicode char U+2117 (decimal 8471)
   defining Unicode char U+211E (decimal 8478)
   defining Unicode char U+2120 (decimal 8480)
   defining Unicode char U+2122 (decimal 8482)
   defining Unicode char U+2126 (decimal 8486)
   defining Unicode char U+2127 (decimal 8487)
   defining Unicode char U+212E (decimal 8494)
   defining Unicode char U+2190 (decimal 8592)
   defining Unicode char U+2191 (decimal 8593)
   defining Unicode char U+2192 (decimal 8594)
   defining Unicode char U+2193 (decimal 8595)
   defining Unicode char U+2329 (decimal 9001)
   defining Unicode char U+232A (decimal 9002)
   defining Unicode char U+2422 (decimal 9250)
   defining Unicode char U+25E6 (decimal 9702)
   defining Unicode char U+25EF (decimal 9711)
   defining Unicode char U+266A (decimal 9834)
))
LaTeX Info: Redefining \oldstylenums on input line 334.
Package textcomp Info: Setting cmr sub-encoding to TS1/0 on input line 349.
Package textcomp Info: Setting cmss sub-encoding to TS1/0 on input line 350.
Package textcomp Info: Setting cmtt sub-encoding to TS1/0 on input line 351.
Package textcomp Info: Setting cmvtt sub-encoding to TS1/0 on input line 352.
Package textcomp Info: Setting cmbr sub-encoding to TS1/0 on input line 353.
Package textcomp Info: Setting cmtl sub-encoding to TS1/0 on input line 354.
Package textcomp Info: Setting ccr sub-encoding to TS1/0 on input line 355.
Package textcomp Info: Setting ptm sub-encoding to TS1/4 on input line 356.
Package textcomp Info: Setting pcr sub-encoding to TS1/4 on input line 357.
Package textcomp Info: Setting phv sub-encoding to TS1/4 on input line 358.
Package textcomp Info: Setting ppl sub-encoding to TS1/3 on input line 359.
Package textcomp Info: Setting pag sub-encoding to TS1/4 on input line 360.
Package textcomp Info: Setting pbk sub-encoding to TS1/4 on input line 361.
Package textcomp Info: Setting pnc sub-encoding to TS1/4 on input line 362.
Package textcomp Info: Setting pzc sub-encoding to TS1/4 on input line 363.
Package textcomp Info: Setting bch sub-encoding to TS1/4 on input line 364.
Package textcomp Info: Setting put sub-encoding to TS1/5 on input line 365.
Package textcomp Info: Setting uag sub-encoding to TS1/5 on input line 366.
Package textcomp Info: Setting ugq sub-encoding to TS1/5 on input line 367.
Package textcomp Info: Setting ul8 sub-encoding to TS1/4 on input line 368.
Package textcomp Info: Setting ul9 sub-encoding to TS1/4 on input line 369.
Package textcomp Info: Setting augie sub-encoding to TS1/5 on input line 370.
Package textcomp Info: Setting dayrom sub-encoding to TS1/3 on input line 371.
Package textcomp Info: Setting dayroms sub-encoding to TS1/3 on input line 372.

Package textcomp Info: Setting pxr sub-encoding to TS1/0 on input line 373.
Package textcomp Info: Setting pxss sub-encoding to TS1/0 on input line 374.
Package textcomp Info: Setting pxtt sub-encoding to TS1/0 on input line 375.
Package textcomp Info: Setting txr sub-encoding to TS1/0 on input line 376.
Package textcomp Info: Setting txss sub-encoding to TS1/0 on input line 377.
Package textcomp Info: Setting txtt sub-encoding to TS1/0 on input line 378.
Package textcomp Info: Setting lmr sub-encoding to TS1/0 on input line 379.
Package textcomp Info: Setting lmdh sub-encoding to TS1/0 on input line 380.
Package textcomp Info: Setting lmss sub-encoding to TS1/0 on input line 381.
Package textcomp Info: Setting lmssq sub-encoding to TS1/0 on input line 382.
Package textcomp Info: Setting lmvtt sub-encoding to TS1/0 on input line 383.
Package textcomp Info: Setting lmtt sub-encoding to TS1/0 on input line 384.
Package textcomp Info: Setting qhv sub-encoding to TS1/0 on input line 385.
Package textcomp Info: Setting qag sub-encoding to TS1/0 on input line 386.
Package textcomp Info: Setting qbk sub-encoding to TS1/0 on input line 387.
Package textcomp Info: Setting qcr sub-encoding to TS1/0 on input line 388.
Package textcomp Info: Setting qcs sub-encoding to TS1/0 on input line 389.
Package textcomp Info: Setting qpl sub-encoding to TS1/0 on input line 390.
Package textcomp Info: Setting qtm sub-encoding to TS1/0 on input line 391.
Package textcomp Info: Setting qzc sub-encoding to TS1/0 on input line 392.
Package textcomp Info: Setting qhvc sub-encoding to TS1/0 on input line 393.
Package textcomp Info: Setting futs sub-encoding to TS1/4 on input line 394.
Package textcomp Info: Setting futx sub-encoding to TS1/4 on input line 395.
Package textcomp Info: Setting futj sub-encoding to TS1/4 on input line 396.
Package textcomp Info: Setting hlh sub-encoding to TS1/3 on input line 397.
Package textcomp Info: Setting hls sub-encoding to TS1/3 on input line 398.
Package textcomp Info: Setting hlst sub-encoding to TS1/3 on input line 399.
Package textcomp Info: Setting hlct sub-encoding to TS1/5 on input line 400.
Package textcomp Info: Setting hlx sub-encoding to TS1/5 on input line 401.
Package textcomp Info: Setting hlce sub-encoding to TS1/5 on input line 402.
Package textcomp Info: Setting hlcn sub-encoding to TS1/5 on input line 403.
Package textcomp Info: Setting hlcw sub-encoding to TS1/5 on input line 404.
Package textcomp Info: Setting hlcf sub-encoding to TS1/5 on input line 405.
Package textcomp Info: Setting pplx sub-encoding to TS1/3 on input line 406.
Package textcomp Info: Setting pplj sub-encoding to TS1/3 on input line 407.
Package textcomp Info: Setting ptmx sub-encoding to TS1/4 on input line 408.
Package textcomp Info: Setting ptmj sub-encoding to TS1/4 on input line 409.
)
(/usr/share/texmf-dist/tex/latex/fancybox/fancybox.sty
Package: fancybox 2010/05/15 1.4

Style option: `fancybox' v1.4 <2010/05/15> (tvz)
\@fancybox=\box32
\shadowsize=\dimen118
\@Sbox=\box33
\do@VerbBox=\toks22
\the@fancyput=\toks23
\this@fancyput=\toks24
\EndVerbatimTokens=\toks25
\Verbatim@Outfile=\write3
\Verbatim@Infile=\read1
) (/usr/share/texmf-dist/tex/latex/titlesec/titlesec.sty
Package: titlesec 2016/03/21 v2.10.2 Sectioning titles
\ttl@box=\box34
\beforetitleunit=\skip66
\aftertitleunit=\skip67
\ttl@plus=\dimen119
\ttl@minus=\dimen120
\ttl@toksa=\toks26
\titlewidth=\dimen121
\titlewidthlast=\dimen122
\titlewidthfirst=\dimen123
) (./tabulary.sty
Package: tabulary 2008/12/01 v0.9 tabulary package (DPC)

(/usr/share/texmf-dist/tex/latex/tools/array.sty
Package: array 2016/10/06 v2.4d Tabular extension package (FMi)
\col@sep=\dimen124
\extrarowheight=\dimen125
\NC@list=\toks27
\extratabsurround=\skip68
\backup@length=\skip69
)
\TY@count=\count106
\TY@linewidth=\dimen126
\tymin=\dimen127
\tymax=\dimen128
\TY@tablewidth=\dimen129
)
(/usr/share/texmf-dist/tex/latex/base/makeidx.sty
Package: makeidx 2014/09/29 v1.0m Standard LaTeX package
)
(/usr/share/texmf-dist/tex/latex/framed/framed.sty
Package: framed 2011/10/22 v 0.96: framed or shaded text with page breaks
\OuterFrameSep=\skip70
\fb@frw=\dimen130
\fb@frh=\dimen131
\FrameRule=\dimen132
\FrameSep=\dimen133
)
(/usr/share/texmf-dist/tex/latex/base/ifthen.sty
Package: ifthen 2014/09/29 v1.1c Standard LaTeX ifthen package (DPC)
)
(/usr/share/texmf-dist/tex/latex/xcolor/xcolor.sty
Package: xcolor 2016/05/11 v2.12 LaTeX color extensions (UK)

(/usr/share/texmf-dist/tex/latex/graphics-cfg/color.cfg
File: color.cfg 2016/01/02 v1.6 sample color configuration
)
Package xcolor Info: Driver file: pdftex.def on input line 225.

(/usr/share/texmf-dist/tex/latex/graphics-def/pdftex.def
File: pdftex.def 2017/06/24 v1.0g Graphics/color driver for pdftex
)
Package xcolor Info: Model `cmy' substituted by `cmy0' on input line 1348.
Package xcolor Info: Model `hsb' substituted by `rgb' on input line 1352.
Package xcolor Info: Model `RGB' extended on input line 1364.
Package xcolor Info: Model `HTML' substituted by `rgb' on input line 1366.
Package xcolor Info: Model `Hsb' substituted by `hsb' on input line 1367.
Package xcolor Info: Model `tHsb' substituted by `hsb' on input line 1368.
Package xcolor Info: Model `HSB' substituted by `hsb' on input line 1369.
Package xcolor Info: Model `Gray' substituted by `gray' on input line 1370.
Package xcolor Info: Model `wave' substituted by `hsb' on input line 1371.
)
(/usr/share/texmf-dist/tex/latex/fancyvrb/fancyvrb.sty
Package: fancyvrb 2008/02/07

Style option: `fancyvrb' v2.7a, with DG/SPQR fixes, and firstline=lastline fix 
<2008/02/07> (tvz) (/usr/share/texmf-dist/tex/latex/graphics/keyval.sty
Package: keyval 2014/10/28 v1.15 key=value parser (DPC)
\KV@toks@=\toks28
)
\FV@CodeLineNo=\count107
\FV@InFile=\read2
\FV@TabBox=\box35
\c@FancyVerbLine=\count108
\FV@StepNumber=\count109
\FV@OutFile=\write4
)
(/usr/share/texmf-dist/tex/latex/threeparttable/threeparttable.sty
Package: threeparttable 2003/06/13  v 3.0
\@tempboxb=\box36
)
(/usr/share/texmf-dist/tex/latex/mdwtools/footnote.sty
Package: footnote 1997/01/28 1.13 Save footnotes around boxes
\fn@notes=\box37
\fn@width=\dimen134
)
(/usr/share/texmf-dist/tex/latex/wrapfig/wrapfig.sty
\wrapoverhang=\dimen135
\WF@size=\dimen136
\c@WF@wrappedlines=\count110
\WF@box=\box38
\WF@everypar=\toks29
Package: wrapfig 2003/01/31  v 3.6
)
(/usr/share/texmf-dist/tex/latex/parskip/parskip.sty
Package: parskip 2001/04/09 non-zero parskip adjustments
)
(/usr/share/texmf-dist/tex/latex/base/alltt.sty
Package: alltt 1997/06/16 v2.0g defines alltt environment
)
(/usr/share/texmf-dist/tex/latex/upquote/upquote.sty
Package: upquote 2012/04/19 v1.3 upright-quote and grave-accent glyphs in verba
tim
)
(/usr/share/texmf-dist/tex/latex/float/float.sty
Package: float 2001/11/08 v1.3d Float enhancements (AL)
\c@float@type=\count111
\float@exts=\toks30
\float@box=\box39
\@float@everytoks=\toks31
\@floatcapt=\box40
)
(/usr/share/texmf-dist/tex/latex/graphics/graphicx.sty
Package: graphicx 2017/06/01 v1.1a Enhanced LaTeX Graphics (DPC,SPQR)

(/usr/share/texmf-dist/tex/latex/graphics/graphics.sty
Package: graphics 2017/06/25 v1.2c Standard LaTeX Graphics (DPC,SPQR)

(/usr/share/texmf-dist/tex/latex/graphics/trig.sty
Package: trig 2016/01/03 v1.10 sin cos tan (DPC)
)
(/usr/share/texmf-dist/tex/latex/graphics-cfg/graphics.cfg
File: graphics.cfg 2016/06/04 v1.11 sample graphics configuration
)
Package graphics Info: Driver file: pdftex.def on input line 99.
)
\Gin@req@height=\dimen137
\Gin@req@width=\dimen138
)
(/usr/share/texmf-dist/tex/generic/pdftex/pdfcolor.tex)
\sphinxcontinuationbox=\box41
\sphinxvisiblespacebox=\box42
\sphinxshadowsep=\skip71
\sphinxshadowsize=\skip72
\sphinxshadowrule=\skip73
\py@argswidth=\skip74
\lineblockindentation=\skip75
\spx@image@box=\box43

(/usr/share/texmf-dist/tex/latex/hyperref/hyperref.sty
Package: hyperref 2017/03/14 v6.85a Hypertext links for LaTeX

(/usr/share/texmf-dist/tex/generic/oberdiek/hobsub-hyperref.sty
Package: hobsub-hyperref 2016/05/16 v1.14 Bundle oberdiek, subset hyperref (HO)


(/usr/share/texmf-dist/tex/generic/oberdiek/hobsub-generic.sty
Package: hobsub-generic 2016/05/16 v1.14 Bundle oberdiek, subset generic (HO)
Package: hobsub 2016/05/16 v1.14 Construct package bundles (HO)
Package: infwarerr 2016/05/16 v1.4 Providing info/warning/error messages (HO)
Package: ltxcmds 2016/05/16 v1.23 LaTeX kernel commands for general use (HO)
Package: ifluatex 2016/05/16 v1.4 Provides the ifluatex switch (HO)
Package ifluatex Info: LuaTeX not detected.
Package: ifvtex 2016/05/16 v1.6 Detect VTeX and its facilities (HO)
Package ifvtex Info: VTeX not detected.
Package: intcalc 2016/05/16 v1.2 Expandable calculations with integers (HO)
Package: ifpdf 2017/03/15 v3.2 Provides the ifpdf switch
Package: etexcmds 2016/05/16 v1.6 Avoid name clashes with e-TeX commands (HO)
Package etexcmds Info: Could not find \expanded.
(etexcmds)             That can mean that you are not using pdfTeX 1.50 or
(etexcmds)             that some package has redefined \expanded.
(etexcmds)             In the latter case, load this package earlier.
Package: kvsetkeys 2016/05/16 v1.17 Key value parser (HO)
Package: kvdefinekeys 2016/05/16 v1.4 Define keys (HO)
Package: pdftexcmds 2017/03/19 v0.25 Utility functions of pdfTeX for LuaTeX (HO
)
Package pdftexcmds Info: LuaTeX not detected.
Package pdftexcmds Info: \pdf@primitive is available.
Package pdftexcmds Info: \pdf@ifprimitive is available.
Package pdftexcmds Info: \pdfdraftmode found.
Package: pdfescape 2016/05/16 v1.14 Implements pdfTeX's escape features (HO)
Package: bigintcalc 2016/05/16 v1.4 Expandable calculations on big integers (HO
)
Package: bitset 2016/05/16 v1.2 Handle bit-vector datatype (HO)
Package: uniquecounter 2016/05/16 v1.3 Provide unlimited unique counter (HO)
)
Package hobsub Info: Skipping package `hobsub' (already loaded).
Package: letltxmacro 2016/05/16 v1.5 Let assignment for LaTeX macros (HO)
Package: hopatch 2016/05/16 v1.3 Wrapper for package hooks (HO)
Package: xcolor-patch 2016/05/16 xcolor patch
Package: atveryend 2016/05/16 v1.9 Hooks at the very end of document (HO)
Package atveryend Info: \enddocument detected (standard20110627).
Package: atbegshi 2016/06/09 v1.18 At begin shipout hook (HO)
Package: refcount 2016/05/16 v3.5 Data extraction from label references (HO)
Package: hycolor 2016/05/16 v1.8 Color options for hyperref/bookmark (HO)
)
(/usr/share/texmf-dist/tex/generic/ifxetex/ifxetex.sty
Package: ifxetex 2010/09/12 v0.6 Provides ifxetex conditional
)
(/usr/share/texmf-dist/tex/latex/oberdiek/auxhook.sty
Package: auxhook 2016/05/16 v1.4 Hooks for auxiliary files (HO)
)
(/usr/share/texmf-dist/tex/latex/oberdiek/kvoptions.sty
Package: kvoptions 2016/05/16 v3.12 Key value format for package options (HO)
)
\@linkdim=\dimen139
\Hy@linkcounter=\count112
\Hy@pagecounter=\count113

(/usr/share/texmf-dist/tex/latex/hyperref/pd1enc.def
File: pd1enc.def 2017/03/14 v6.85a Hyperref: PDFDocEncoding definition (HO)
Now handling font encoding PD1 ...
... no UTF-8 mapping file for font encoding PD1
)
\Hy@SavedSpaceFactor=\count114

(/usr/share/texmf-dist/tex/latex/latexconfig/hyperref.cfg
File: hyperref.cfg 2002/06/06 v1.2 hyperref configuration of TeXLive
)
Package hyperref Info: Option `unicode' set `true' on input line 4374.

(/usr/share/texmf-dist/tex/latex/hyperref/puenc.def
File: puenc.def 2017/03/14 v6.85a Hyperref: PDF Unicode definition (HO)
Now handling font encoding PU ...
... no UTF-8 mapping file for font encoding PU
)
Package hyperref Info: Option `colorlinks' set `true' on input line 4374.
Package hyperref Info: Option `breaklinks' set `true' on input line 4374.
Package hyperref Info: Hyper figures OFF on input line 4498.
Package hyperref Info: Link nesting OFF on input line 4503.
Package hyperref Info: Hyper index ON on input line 4506.
Package hyperref Info: Plain pages OFF on input line 4513.
Package hyperref Info: Backreferencing OFF on input line 4518.
Package hyperref Info: Implicit mode ON; LaTeX internals redefined.
Package hyperref Info: Bookmarks ON on input line 4751.
\c@Hy@tempcnt=\count115

(/usr/share/texmf-dist/tex/latex/url/url.sty
\Urlmuskip=\muskip11
Package: url 2013/09/16  ver 3.4  Verb mode for urls, etc.
)
LaTeX Info: Redefining \url on input line 5104.
\XeTeXLinkMargin=\dimen140
\Fld@menulength=\count116
\Field@Width=\dimen141
\Fld@charsize=\dimen142
Package hyperref Info: Hyper figures OFF on input line 6358.
Package hyperref Info: Link nesting OFF on input line 6363.
Package hyperref Info: Hyper index ON on input line 6366.
Package hyperref Info: backreferencing OFF on input line 6373.
Package hyperref Info: Link coloring ON on input line 6376.
Package hyperref Info: Link coloring with OCG OFF on input line 6383.
Package hyperref Info: PDF/A mode OFF on input line 6388.
LaTeX Info: Redefining \ref on input line 6428.
LaTeX Info: Redefining \pageref on input line 6432.
\Hy@abspage=\count117
\c@Item=\count118
\c@Hfootnote=\count119
)

Package hyperref Message: Driver (autodetected): hpdftex.

(/usr/share/texmf-dist/tex/latex/hyperref/hpdftex.def
File: hpdftex.def 2017/03/14 v6.85a Hyperref driver for pdfTeX
\Fld@listcount=\count120
\c@bookmark@seq@number=\count121

(/usr/share/texmf-dist/tex/latex/oberdiek/rerunfilecheck.sty
Package: rerunfilecheck 2016/05/16 v1.8 Rerun checks for auxiliary files (HO)
Package uniquecounter Info: New unique counter `rerunfilecheck' on input line 2
82.
)
\Hy@SectionHShift=\skip76
)
(/usr/share/texmf-dist/tex/latex/oberdiek/hypcap.sty
Package: hypcap 2016/05/16 v1.12 Adjusting the anchors of captions (HO)
)
\DUlineblockindent=\skip77
 (./newfloat.sty
Package: newfloat 2015/09/17 v1.1-109 Defining new floating environments (AR)
)
Package newfloat Info: New float `literal-block' with options `' on input line 
871.
\c@literal-block=\count122
Package newfloat Info: float type `literal-block'=4 on input line 871.

(/usr/share/texmf-dist/tex/latex/capt-of/capt-of.sty
Package: capt-of 2009/12/29 v0.2 standard captions outside of floats
) (./needspace.sty
Package: needspace 2010/09/12 v1.3d reserve vertical space
)
** (sphinx) defining (legacy) text style macros without \sphinx prefix
** if clashes with packages, set latex_keep_old_macro_names=False in conf.py
) (/usr/share/texmf-dist/tex/latex/multirow/multirow.sty
Package: multirow 2016/11/25 v2.2 Span multiple rows of a table
\multirow@colwidth=\skip78
\multirow@cntb=\count123
\multirow@dima=\skip79
\bigstrutjot=\dimen143
)
(/usr/share/texmf-dist/tex/latex/eqparbox/eqparbox.sty
Package: eqparbox 2013/03/15 v4.0 Create equal-widthed boxes
\eqp@tempdima=\skip80
\eqp@tempdimb=\skip81
\eqp@tabular@box=\box44
\eqp@list@box=\box45
\eqp@list@indent=\skip82

(/usr/share/texmf-dist/tex/latex/environ/environ.sty
Package: environ 2014/05/04 v0.3 A new way to define environments

(/usr/share/texmf-dist/tex/latex/trimspaces/trimspaces.sty
Package: trimspaces 2009/09/17 v1.1 Trim spaces around a token list
)))
\@indexfile=\write5
\openout5 = `StaeI.idx'.


Writing index file StaeI.idx
(./StaeI.aux)
\openout1 = `StaeI.aux'.

LaTeX Font Info:    Checking defaults for OML/cmm/m/it on input line 145.
LaTeX Font Info:    ... okay on input line 145.
LaTeX Font Info:    Checking defaults for T1/cmr/m/n on input line 145.
LaTeX Font Info:    ... okay on input line 145.
LaTeX Font Info:    Checking defaults for OT1/cmr/m/n on input line 145.
LaTeX Font Info:    ... okay on input line 145.
LaTeX Font Info:    Checking defaults for OMS/cmsy/m/n on input line 145.
LaTeX Font Info:    ... okay on input line 145.
LaTeX Font Info:    Checking defaults for OMX/cmex/m/n on input line 145.
LaTeX Font Info:    ... okay on input line 145.
LaTeX Font Info:    Checking defaults for U/cmr/m/n on input line 145.
LaTeX Font Info:    ... okay on input line 145.
LaTeX Font Info:    Checking defaults for TS1/cmr/m/n on input line 145.
LaTeX Font Info:    Try loading font information for TS1+cmr on input line 145.

 (/usr/share/texmf-dist/tex/latex/base/ts1cmr.fd
File: ts1cmr.fd 2014/09/29 v2.5h Standard LaTeX font definitions
)
LaTeX Font Info:    ... okay on input line 145.
LaTeX Font Info:    Checking defaults for PD1/pdf/m/n on input line 145.
LaTeX Font Info:    ... okay on input line 145.
LaTeX Font Info:    Checking defaults for PU/pdf/m/n on input line 145.
LaTeX Font Info:    ... okay on input line 145.
LaTeX Font Info:    Try loading font information for T1+ptm on input line 145.

(/usr/share/texmf-dist/tex/latex/psnfss/t1ptm.fd
File: t1ptm.fd 2001/06/04 font definitions for T1/ptm.
)
(/usr/share/texmf-dist/tex/context/base/mkii/supp-pdf.mkii
[Loading MPS to PDF converter (version 2006.09.02).]
\scratchcounter=\count124
\scratchdimen=\dimen144
\scratchbox=\box46
\nofMPsegments=\count125
\nofMParguments=\count126
\everyMPshowfont=\toks32
\MPscratchCnt=\count127
\MPscratchDim=\dimen145
\MPnumerator=\count128
\makeMPintoPDFobject=\count129
\everyMPtoPDFconversion=\toks33
) (/usr/share/texmf-dist/tex/latex/oberdiek/epstopdf-base.sty
Package: epstopdf-base 2016/05/15 v2.6 Base part for package epstopdf

(/usr/share/texmf-dist/tex/latex/oberdiek/grfext.sty
Package: grfext 2016/05/16 v1.2 Manage graphics extensions (HO)
)
Package epstopdf-base Info: Redefining graphics rule for `.eps' on input line 4
38.
Package grfext Info: Graphics extension search list:
(grfext)             [.pdf,.png,.jpg,.mps,.jpeg,.jbig2,.jb2,.PDF,.PNG,.JPG,.JPE
G,.JBIG2,.JB2,.eps]
(grfext)             \AppendGraphicsExtensions on input line 456.

(/usr/share/texmf-dist/tex/latex/latexconfig/epstopdf-sys.cfg
File: epstopdf-sys.cfg 2010/07/13 v1.3 Configuration of (r)epstopdf for TeX Liv
e
))
\AtBeginShipoutBox=\box47
Package hyperref Info: Link coloring ON on input line 145.

(/usr/share/texmf-dist/tex/latex/hyperref/nameref.sty
Package: nameref 2016/05/21 v2.44 Cross-referencing by name of section

(/usr/share/texmf-dist/tex/generic/oberdiek/gettitlestring.sty
Package: gettitlestring 2016/05/16 v1.5 Cleanup title references (HO)
)
\c@section@level=\count130
)
LaTeX Info: Redefining \ref on input line 145.
LaTeX Info: Redefining \pageref on input line 145.
LaTeX Info: Redefining \nameref on input line 145.
 (./StaeI.out)
(./StaeI.out)
\@outlinefile=\write6
\openout6 = `StaeI.out'.

<hi_vnvs_horiz_raunvisindadeild.jpg, id=330, 595.7457pt x 140.4447pt>
File: hi_vnvs_horiz_raunvisindadeild.jpg Graphic file (type jpg)
<use hi_vnvs_horiz_raunvisindadeild.jpg>
Package pdftex.def Info: hi_vnvs_horiz_raunvisindadeild.jpg  used on input line
 148. on input line 148.
Package pdftex.def Info: Requested size: 595.74425pt x 140.44435pt on input lin
e 148.
File: hi_vnvs_horiz_raunvisindadeild.jpg Graphic file (type jpg)
<use hi_vnvs_horiz_raunvisindadeild.jpg>
Package pdftex.def Info: hi_vnvs_horiz_raunvisindadeild.jpg  used on input line
 148. on input line 148.
Package pdftex.def Info: Requested size: 452.96788pt x 106.78836pt on input lin
e 148.
LaTeX Font Info:    Try loading font information for T1+phv on input line 148.
 (/usr/share/texmf-dist/tex/latex/psnfss/t1phv.fd
File: t1phv.fd 2001/06/04 scalable font definitions for T1/phv.
)
LaTeX Font Info:    Font shape `T1/phv/bx/n' in size <10> not available
(Font)              Font shape `T1/phv/b/n' tried instead on input line 148.
LaTeX Font Info:    Font shape `T1/phv/bx/n' in size <24.88> not available
(Font)              Font shape `T1/phv/b/n' tried instead on input line 148.
LaTeX Font Info:    Font shape `T1/phv/bx/it' in size <10> not available
(Font)              Font shape `T1/phv/b/it' tried instead on input line 148.
LaTeX Font Info:    Font shape `T1/phv/b/it' in size <10> not available
(Font)              Font shape `T1/phv/b/sl' tried instead on input line 148.
LaTeX Font Info:    Font shape `T1/phv/bx/it' in size <17.28> not available
(Font)              Font shape `T1/phv/b/it' tried instead on input line 148.
LaTeX Font Info:    Font shape `T1/phv/b/it' in size <17.28> not available
(Font)              Font shape `T1/phv/b/sl' tried instead on input line 148.
LaTeX Font Info:    Font shape `T1/phv/bx/n' in size <17.28> not available
(Font)              Font shape `T1/phv/b/n' tried instead on input line 148.
<<ot1.cmap>><<oml.cmap>><<oms.cmap>><<omx.cmap>>
LaTeX Font Info:    Try loading font information for U+msa on input line 148.

(/usr/share/texmf-dist/tex/latex/amsfonts/umsa.fd
File: umsa.fd 2013/01/14 v3.01 AMS symbols A
)
LaTeX Font Info:    Try loading font information for U+msb on input line 148.

(/usr/share/texmf-dist/tex/latex/amsfonts/umsb.fd
File: umsb.fd 2013/01/14 v3.01 AMS symbols B
)
LaTeX Font Info:    Font shape `T1/phv/bx/n' in size <12> not available
(Font)              Font shape `T1/phv/b/n' tried instead on input line 148.
 [1

{/var/lib/texmf/fonts/map/pdftex/updmap/pdftex.map} <./hi_vnvs_horiz_raunvisind
adeild.jpg>] [2

]
(./StaeI.toc
LaTeX Font Info:    Font shape `T1/ptm/bx/n' in size <10> not available
(Font)              Font shape `T1/ptm/b/n' tried instead on input line 2.
 [1

])
\tf@toc=\write7
\openout7 = `StaeI.toc'.

 [2]

Package Fancyhdr Warning: \headheight is too small (12.0pt): 
 Make it at least 12.85497pt.
 We now make it that large for the rest of the document.
 This may cause the page layout to be inconsistent, however.

[1

] [2

]
Kafli 1.
LaTeX Font Info:    Font shape `T1/phv/bx/n' in size <14.4> not available
(Font)              Font shape `T1/phv/b/n' tried instead on input line 157.
LaTeX Font Info:    Font shape `T1/ptm/bx/n' in size <14.4> not available
(Font)              Font shape `T1/ptm/b/n' tried instead on input line 157.
LaTeX Font Info:    Font shape `T1/ptm/bx/n' in size <24.88> not available
(Font)              Font shape `T1/ptm/b/n' tried instead on input line 157.
LaTeX Font Info:    Try loading font information for TS1+ptm on input line 173.

(/usr/share/texmf-dist/tex/latex/psnfss/ts1ptm.fd
File: ts1ptm.fd 2001/06/04 font definitions for TS1/ptm.
)
<01_NewtonLeibniz.jpg, id=451, 401.5pt x 276.03125pt>
File: 01_NewtonLeibniz.jpg Graphic file (type jpg)
<use 01_NewtonLeibniz.jpg>
Package pdftex.def Info: 01_NewtonLeibniz.jpg  used on input line 191. on input
 line 191.
Package pdftex.def Info: Requested size: 226.48393pt x 155.70943pt on input lin
e 191.
 [3 <./01_NewtonLeibniz.jpg>] [4]
<02_Mynd_vorpunar.png, id=492, 277.5168pt x 121.4136pt>
File: 02_Mynd_vorpunar.png Graphic file (type png)
<use 02_Mynd_vorpunar.png>
Package pdftex.def Info: 02_Mynd_vorpunar.png  used on input line 406. on input
 line 406.
Package pdftex.def Info: Requested size: 226.48393pt x 99.08551pt on input line
 406.
 [5]
<02_Samskeyting.png, id=512, 235.1184pt x 205.7286pt>
File: 02_Samskeyting.png Graphic file (type png)
<use 02_Samskeyting.png>
Package pdftex.def Info: 02_Samskeyting.png  used on input line 425. on input l
ine 425.
Package pdftex.def Info: Requested size: 226.48393pt x 198.17839pt on input lin
e 425.
 [6 <./02_Mynd_vorpunar.png> <./02_Samskeyting.png>]
<02_Andhverfa.png, id=522, 229.8186pt x 106.4778pt>
File: 02_Andhverfa.png Graphic file (type png)
<use 02_Andhverfa.png>
Package pdftex.def Info: 02_Andhverfa.png  used on input line 469. on input lin
e 469.
Package pdftex.def Info: Requested size: 226.48393pt x 104.93404pt on input lin
e 469.
<04_andhverfa.png, id=523, 79.7379pt x 77.088pt>
File: 04_andhverfa.png Graphic file (type png)
<use 04_andhverfa.png>
Package pdftex.def Info: 04_andhverfa.png  used on input line 485. on input lin
e 485.
Package pdftex.def Info: Requested size: 226.48393pt x 218.96553pt on input lin
e 485.
 [7 <./02_Andhverfa.png> <./04_andhverfa.png>]
<04_Graf_falls.png, id=535, 168.63pt x 96.36pt>
File: 04_Graf_falls.png Graphic file (type png)
<use 04_Graf_falls.png>
Package pdftex.def Info: 04_Graf_falls.png  used on input line 506. on input li
ne 506.
Package pdftex.def Info: Requested size: 341.43306pt x 195.10876pt on input lin
e 506.
<04_JafnstaettOddstaett.png, id=536, 168.3891pt x 88.6512pt>
File: 04_JafnstaettOddstaett.png Graphic file (type png)
<use 04_JafnstaettOddstaett.png>
Package pdftex.def Info: 04_JafnstaettOddstaett.png  used on input line 527. on
 input line 527.
Package pdftex.def Info: Requested size: 284.52756pt x 149.80547pt on input lin
e 527.
 [8 <./04_Graf_falls.png> <./04_JafnstaettOddstaett.png>]
Kafli 2.
[9

]
<01_markgildi.png, id=552, 362.0727pt x 161.1621pt>
File: 01_markgildi.png Graphic file (type png)
<use 01_markgildi.png>
Package pdftex.def Info: 01_markgildi.png  used on input line 612. on input lin
e 612.
Package pdftex.def Info: Requested size: 341.43306pt x 151.97684pt on input lin
e 612.
 [10 <./01_markgildi.png>]
<02_markfrahaegri.png, id=566, 168.63pt x 96.1191pt>
File: 02_markfrahaegri.png Graphic file (type png)
<use 02_markfrahaegri.png>
Package pdftex.def Info: 02_markfrahaegri.png  used on input line 700. on input
 line 700.
Package pdftex.def Info: Requested size: 341.43306pt x 194.62099pt on input lin
e 700.
<03_markfravinstri.png, id=567, 168.63pt x 96.36pt>
File: 03_markfravinstri.png Graphic file (type png)
<use 03_markfravinstri.png>
Package pdftex.def Info: 03_markfravinstri.png  used on input line 731. on inpu
t line 731.
Package pdftex.def Info: Requested size: 341.43306pt x 195.10876pt on input lin
e 731.
 [11 <./02_markfrahaegri.png> <./03_markfravinstri.png>]
<02_daemi.png, id=578, 137.0721pt x 39.0258pt>
File: 02_daemi.png Graphic file (type png)
<use 02_daemi.png>
Package pdftex.def Info: 02_daemi.png  used on input line 766. on input line 76
6.
Package pdftex.def Info: Requested size: 284.52756pt x 81.01273pt on input line
 766.
 [12 <./02_daemi.png>]
<04_03_klemmuregla.png, id=600, 456.2646pt x 260.6538pt>
File: 04_03_klemmuregla.png Graphic file (type png)
<use 04_03_klemmuregla.png>
Package pdftex.def Info: 04_03_klemmuregla.png  used on input line 884. on inpu
t line 884.
Package pdftex.def Info: Requested size: 362.37567pt x 207.0199pt on input line
 884.
 [13] [14 <./04_03_klemmuregla.png>]
<03_daemi-sin.png, id=620, 156.585pt x 84.315pt>
File: 03_daemi-sin.png Graphic file (type png)
<use 03_daemi-sin.png>
Package pdftex.def Info: 03_daemi-sin.png  used on input line 955. on input lin
e 955.
Package pdftex.def Info: Requested size: 341.43306pt x 183.87376pt on input lin
e 955.
<06_liminf.png, id=621, 122.859pt x 59.9841pt>
File: 06_liminf.png Graphic file (type png)
<use 06_liminf.png>
Package pdftex.def Info: 06_liminf.png  used on input line 962. on input line 9
62.
Package pdftex.def Info: Requested size: 226.48393pt x 110.59079pt on input lin
e 962.
 [15 <./03_daemi-sin.png> <./06_liminf.png>] [16] [17] [18]
<10_milligildissetn.png, id=673, 168.63pt x 94.6737pt>
File: 10_milligildissetn.png Graphic file (type png)
<use 10_milligildissetn.png>
Package pdftex.def Info: 10_milligildissetn.png  used on input line 1310. on in
put line 1310.
Package pdftex.def Info: Requested size: 341.43306pt x 191.6944pt on input line
 1310.
 [19] [20 <./10_milligildissetn.png>]
Kafli 3.
<./01_afleida.png, id=696, 170.3163pt x 102.8643pt>
File: ./01_afleida.png Graphic file (type png)
<use ./01_afleida.png>
Package pdftex.def Info: ./01_afleida.png  used on input line 1432. on input li
ne 1432.
Package pdftex.def Info: Requested size: 341.43306pt x 206.21465pt on input lin
e 1432.
[21

]
<./01_05_snertill.png, id=704, 299.9205pt x 171.2799pt>
File: ./01_05_snertill.png Graphic file (type png)
<use ./01_05_snertill.png>
Package pdftex.def Info: ./01_05_snertill.png  used on input line 1487. on inpu
t line 1487.
Package pdftex.def Info: Requested size: 341.43306pt x 194.99454pt on input lin
e 1487.
 [22 <./01_afleida.png>]
<01_x13.png, id=713, 784.9325pt x 556.0775pt>
File: 01_x13.png Graphic file (type png)
<use 01_x13.png>
Package pdftex.def Info: 01_x13.png  used on input line 1504. on input line 150
4.
Package pdftex.def Info: Requested size: 341.43306pt x 241.89175pt on input lin
e 1504.
 [23 <./01_05_snertill.png> <./01_x13.png>]
[24] [25] [26] [27] [28] [29]
Underfull \hbox (badness 10000) in paragraph at lines 2001--2004
\T1/ptm/b/n/10 Athugasemd:  \T1/ptm/m/n/10 Kennslu-bk-in not-ar \T1/ptm/m/it/1
0 nondecreasing/nonincreasing \T1/ptm/m/n/10 fyr-ir vax-andi/minnkandi og
 []


LaTeX Warning: Command \textcent invalid in math mode on input line 2044.


LaTeX Warning: Command \textcent invalid in math mode on input line 2044.

Missing character: There is no  in font cmr10!
[30]
<11_hringur.png, id=801, 814.04124pt x 590.205pt>
File: 11_hringur.png Graphic file (type png)
<use 11_hringur.png>
Package pdftex.def Info: 11_hringur.png  used on input line 2106. on input line
 2106.
Package pdftex.def Info: Requested size: 341.43306pt x 247.5512pt on input line
 2106.
 [31 <./11_hringur.png>] [32] [33] [34] [35] [36] [37] [38

]
Kafli 4.
<01_ln.png, id=877, 168.63pt x 94.6737pt>
File: 01_ln.png Graphic file (type png)
<use 01_ln.png>
Package pdftex.def Info: 01_ln.png  used on input line 2581. on input line 2581
.
Package pdftex.def Info: Requested size: 341.43306pt x 191.6944pt on input line
 2581.
[39 <./01_ln.png>]
<02_ln-exp.png, id=885, 168.63pt x 96.36pt>
File: 02_ln-exp.png Graphic file (type png)
<use 02_ln-exp.png>
Package pdftex.def Info: 02_ln-exp.png  used on input line 2637. on input line 
2637.
Package pdftex.def Info: Requested size: 341.43306pt x 195.10876pt on input lin
e 2637.
<02_ln-e.png, id=886, 168.63pt x 94.6737pt>
File: 02_ln-e.png Graphic file (type png)
<use 02_ln-e.png>
Package pdftex.def Info: 02_ln-e.png  used on input line 2649. on input line 26
49.
Package pdftex.def Info: Requested size: 341.43306pt x 191.6944pt on input line
 2649.
 [40 <./02_ln-exp.png>] [41 <./02_ln-e.png>] [42]
<05_arcsin.png, id=938, 168.63pt x 48.18pt>
File: 05_arcsin.png Graphic file (type png)
<use 05_arcsin.png>
Package pdftex.def Info: 05_arcsin.png  used on input line 2868. on input line 
2868.
Package pdftex.def Info: Requested size: 341.43306pt x 97.55435pt on input line
 2868.
 [43 <./05_arcsin.png>]
<05_arccos.png, id=954, 168.63pt x 48.18pt>
File: 05_arccos.png Graphic file (type png)
<use 05_arccos.png>
Package pdftex.def Info: 05_arccos.png  used on input line 2889. on input line 
2889.
Package pdftex.def Info: Requested size: 341.43306pt x 97.55435pt on input line
 2889.
<05_arctan.png, id=955, 733.0587pt x 418.9251pt>
File: 05_arctan.png Graphic file (type png)
<use 05_arctan.png>
Package pdftex.def Info: 05_arctan.png  used on input line 2915. on input line 
2915.
Package pdftex.def Info: Requested size: 341.43306pt x 195.12416pt on input lin
e 2915.
 [44 <./05_arccos.png> <./05_arctan.png>]
<06_sinh-cosh.png, id=970, 250.2951pt x 166.4619pt>
File: 06_sinh-cosh.png Graphic file (type png)
<use 06_sinh-cosh.png>
Package pdftex.def Info: 06_sinh-cosh.png  used on input line 2944. on input li
ne 2944.
Package pdftex.def Info: Requested size: 341.43306pt x 227.0862pt on input line
 2944.
 [45 <./06_sinh-cosh.png>]
<07_arcosh.png, id=990, 168.63pt x 96.36pt>
File: 07_arcosh.png Graphic file (type png)
<use 07_arcosh.png>
Package pdftex.def Info: 07_arcosh.png  used on input line 3066. on input line 
3066.
Package pdftex.def Info: Requested size: 341.43306pt x 195.10876pt on input lin
e 3066.

[46]
<07_exp.png, id=1005, 578.16pt x 433.62pt>
File: 07_exp.png Graphic file (type png)
<use 07_exp.png>
Package pdftex.def Info: 07_exp.png  used on input line 3076. on input line 307
6.
Package pdftex.def Info: Requested size: 284.52756pt x 213.39536pt on input lin
e 3076.
 [47 <./07_arcosh.png> <./07_exp.png>] [48

]
Kafli 5.
<01_f1.png, id=1020, 95.6373pt x 78.2925pt>
File: 01_f1.png Graphic file (type png)
<use 01_f1.png>
Package pdftex.def Info: 01_f1.png  used on input line 3128. on input line 3128
.
Package pdftex.def Info: Requested size: 430.3181pt x 352.31891pt on input line
 3128.
<01_g1.png, id=1021, 95.6373pt x 78.2925pt>
File: 01_g1.png Graphic file (type png)
<use 01_g1.png>
Package pdftex.def Info: 01_g1.png  used on input line 3128. on input line 3128
.
Package pdftex.def Info: Requested size: 430.3181pt x 352.31891pt on input line
 3128.
File: 01_f1.png Graphic file (type png)
<use 01_f1.png>
Package pdftex.def Info: 01_f1.png  used on input line 3128. on input line 3128
.
Package pdftex.def Info: Requested size: 203.27853pt x 166.43205pt on input lin
e 3128.
File: 01_g1.png Graphic file (type png)
<use 01_g1.png>
Package pdftex.def Info: 01_g1.png  used on input line 3128. on input line 3128
.
Package pdftex.def Info: Requested size: 203.09085pt x 166.27913pt on input lin
e 3128.
[49 <./01_f1.png> <./01_g1.png>]
<01_f2.png, id=1031, 95.6373pt x 78.2925pt>
File: 01_f2.png Graphic file (type png)
<use 01_f2.png>
Package pdftex.def Info: 01_f2.png  used on input line 3164. on input line 3164
.
Package pdftex.def Info: Requested size: 430.3181pt x 352.31891pt on input line
 3164.
<01_g2.png, id=1032, 95.6373pt x 78.2925pt>
File: 01_g2.png Graphic file (type png)
<use 01_g2.png>
Package pdftex.def Info: 01_g2.png  used on input line 3164. on input line 3164
.
Package pdftex.def Info: Requested size: 430.3181pt x 352.31891pt on input line
 3164.
File: 01_f2.png Graphic file (type png)
<use 01_f2.png>
Package pdftex.def Info: 01_f2.png  used on input line 3164. on input line 3164
.
Package pdftex.def Info: Requested size: 203.27853pt x 166.43205pt on input lin
e 3164.
File: 01_g2.png Graphic file (type png)
<use 01_g2.png>
Package pdftex.def Info: 01_g2.png  used on input line 3164. on input line 3164
.
Package pdftex.def Info: Requested size: 203.09085pt x 166.27913pt on input lin
e 3164.
<01_f3.png, id=1033, 95.6373pt x 81.1833pt>
File: 01_f3.png Graphic file (type png)
<use 01_f3.png>
Package pdftex.def Info: 01_f3.png  used on input line 3205. on input line 3205
.
Package pdftex.def Info: Requested size: 430.3181pt x 365.32768pt on input line
 3205.
<01_g3.png, id=1034, 95.6373pt x 81.1833pt>
File: 01_g3.png Graphic file (type png)
<use 01_g3.png>
Package pdftex.def Info: 01_g3.png  used on input line 3205. on input line 3205
.
Package pdftex.def Info: Requested size: 430.3181pt x 365.32768pt on input line
 3205.
File: 01_f3.png Graphic file (type png)
<use 01_f3.png>
Package pdftex.def Info: 01_f3.png  used on input line 3205. on input line 3205
.
Package pdftex.def Info: Requested size: 203.27853pt x 172.57727pt on input lin
e 3205.
File: 01_g3.png Graphic file (type png)
<use 01_g3.png>
Package pdftex.def Info: 01_g3.png  used on input line 3205. on input line 3205
.
Package pdftex.def Info: Requested size: 203.09085pt x 172.4187pt on input line
 3205.
 [50 <./01_f2.png> <./01_g2.png>]
File: 01_f1.png Graphic file (type png)
<use 01_f1.png>
Package pdftex.def Info: 01_f1.png  used on input line 3264. on input line 3264
.
Package pdftex.def Info: Requested size: 430.3181pt x 352.31891pt on input line
 3264.
File: 01_g1.png Graphic file (type png)
<use 01_g1.png>
Package pdftex.def Info: 01_g1.png  used on input line 3264. on input line 3264
.
Package pdftex.def Info: Requested size: 430.3181pt x 352.31891pt on input line
 3264.
File: 01_f1.png Graphic file (type png)
<use 01_f1.png>
Package pdftex.def Info: 01_f1.png  used on input line 3264. on input line 3264
.
Package pdftex.def Info: Requested size: 203.27853pt x 166.43205pt on input lin
e 3264.
File: 01_g1.png Graphic file (type png)
<use 01_g1.png>
Package pdftex.def Info: 01_g1.png  used on input line 3264. on input line 3264
.
Package pdftex.def Info: Requested size: 203.09085pt x 166.27913pt on input lin
e 3264.
 [51 <./01_f3.png> <./01_g3.png>]
<04_beygjuskilapunktur.png, id=1063, 168.63pt x 72.27pt>
File: 04_beygjuskilapunktur.png Graphic file (type png)
<use 04_beygjuskilapunktur.png>
Package pdftex.def Info: 04_beygjuskilapunktur.png  used on input line 3363. on
 input line 3363.
Package pdftex.def Info: Requested size: 341.43306pt x 146.33157pt on input lin
e 3363.
 [52] [53 <./04_beygjuskilapunktur.png>]
<06_lodfellur.png, id=1101, 152.2488pt x 92.9874pt>
File: 06_lodfellur.png Graphic file (type png)
<use 06_lodfellur.png>
Package pdftex.def Info: 06_lodfellur.png  used on input line 3444. on input li
ne 3444.
Package pdftex.def Info: Requested size: 341.43306pt x 208.57411pt on input lin
e 3444.
<06_arctanadfellur.png, id=1102, 145.5036pt x 63.3567pt>
File: 06_arctanadfellur.png Graphic file (type png)
<use 06_arctanadfellur.png>
Package pdftex.def Info: 06_arctanadfellur.png  used on input line 3457. on inp
ut line 3457.
Package pdftex.def Info: Requested size: 341.43306pt x 148.67363pt on input lin
e 3457.
<06_lodogskafellur.png, id=1103, 142.131pt x 82.6287pt>
File: 06_lodogskafellur.png Graphic file (type png)
<use 06_lodogskafellur.png>
Package pdftex.def Info: 06_lodogskafellur.png  used on input line 3470. on inp
ut line 3470.
Package pdftex.def Info: Requested size: 341.43306pt x 198.5007pt on input line
 3470.
 [54 <./06_lodfellur.png> <./06_arctanadfellur.png>] [55 <./06_lodogskafellur.p
ng>] [56]
<09_cylinder.png, id=1137, 118.4425pt x 233.87375pt>
File: 09_cylinder.png Graphic file (type png)
<use 09_cylinder.png>
Package pdftex.def Info: 09_cylinder.png  used on input line 3601. on input lin
e 3601.
Package pdftex.def Info: Requested size: 100.87177pt x 199.16928pt on input lin
e 3601.
<09_kassi.png, id=1138, 196.5744pt x 191.5155pt>
File: 09_kassi.png Graphic file (type png)
<use 09_kassi.png>
Package pdftex.def Info: 09_kassi.png  used on input line 3609. on input line 3
609.
Package pdftex.def Info: Requested size: 341.43306pt x 332.6644pt on input line
 3609.
 [57 <./09_cylinder.png>] [58 <./09_kassi.png>]
Kafli 6.
<01_fplusminus.png, id=1162, 144.2991pt x 67.2111pt>
File: 01_fplusminus.png Graphic file (type png)
<use 01_fplusminus.png>
Package pdftex.def Info: 01_fplusminus.png  used on input line 3673. on input l
ine 3673.
Package pdftex.def Info: Requested size: 341.43306pt x 159.05063pt on input lin
e 3673.
[59

]
<03_undirsumma.png, id=1169, 312.9291pt x 152.2488pt>
File: 03_undirsumma.png Graphic file (type png)
<use 03_undirsumma.png>
Package pdftex.def Info: 03_undirsumma.png  used on input line 3709. on input l
ine 3709.
Package pdftex.def Info: Requested size: 341.43306pt x 166.12677pt on input lin
e 3709.
 [60 <./01_fplusminus.png> <./03_undirsumma.png>]
<03_yfirsumma.png, id=1179, 312.9291pt x 152.2488pt>
File: 03_yfirsumma.png Graphic file (type png)
<use 03_yfirsumma.png>
Package pdftex.def Info: 03_yfirsumma.png  used on input line 3729. on input li
ne 3729.
Package pdftex.def Info: Requested size: 341.43306pt x 166.12677pt on input lin
e 3729.
<./03_undirogyfirsumma.png, id=1180, 168.63pt x 96.36pt>
File: ./03_undirogyfirsumma.png Graphic file (type png)
<use ./03_undirogyfirsumma.png>
Package pdftex.def Info: ./03_undirogyfirsumma.png  used on input line 3753. on
 input line 3753.
Package pdftex.def Info: Requested size: 341.43306pt x 195.10876pt on input lin
e 3753.
 [61 <./03_yfirsumma.png>] [62 <./03_undirogyfirsumma.png>] [63] [64] [65] [66]
 [67] [68]
<07_samleitidheildi.png, id=1264, 905.784pt x 380.3811pt>
File: 07_samleitidheildi.png Graphic file (type png)
<use 07_samleitidheildi.png>
Package pdftex.def Info: 07_samleitidheildi.png  used on input line 4265. on in
put line 4265.
Package pdftex.def Info: Requested size: 341.43306pt x 143.37968pt on input lin
e 4265.
 [69 <./07_samleitidheildi.png>] [70]
Kafli 7.
[71

] [72] [73] [74]
Kafli 8.
[75

] [76] [77] [78] [79] [80]
Kafli 9.
[81

] [82] [83] [84] [85] [86]
Kafli 10.
[87

] [88] [89]
<03_Taylorrod.png, id=1483, 168.63pt x 96.36pt>
File: 03_Taylorrod.png Graphic file (type png)
<use 03_Taylorrod.png>
Package pdftex.def Info: 03_Taylorrod.png  used on input line 5663. on input li
ne 5663.
Package pdftex.def Info: Requested size: 341.43306pt x 195.10876pt on input lin
e 5663.
 [90 <./03_Taylorrod.png>] [91] [92]
Kafli 11.
[93

]
Underfull \vbox (badness 10000) detected at line 5900
 []

[94] [95] [96] [97] [98] [99] [100

]
Kafli 12.
[101] [102]
Kafli 13.
(./StaeI.ind [103

] [104

] [105

] [106])
Package atveryend Info: Empty hook `BeforeClearDocument' on input line 6417.
Package atveryend Info: Empty hook `AfterLastShipout' on input line 6417.
 (./StaeI.aux)
Package atveryend Info: Executing hook `AtVeryEndDocument' on input line 6417.
Package atveryend Info: Executing hook `AtEndAfterFileList' on input line 6417.

Package rerunfilecheck Info: File `StaeI.out' has not changed.
(rerunfilecheck)             Checksum: E8D0BD3DFF22D4C1FA3A850CF9AA8E1F;11703.
Package atveryend Info: Empty hook `AtVeryVeryEnd' on input line 6417.
 ) 
Here is how much of TeX's memory you used:
 15108 strings out of 492990
 207841 string characters out of 6138688
 305662 words of memory out of 5000000
 17597 multiletter control sequences out of 15000+600000
 58816 words of font info for 79 fonts, out of 8000000 for 9000
 1142 hyphenation exceptions out of 8191
 35i,25n,51p,375b,494s stack positions out of 5000i,500n,10000p,200000b,80000s
{/usr/share/texmf-dist/fonts/enc/dvips/base/8r.enc}</usr/share/texmf-dist/fon
ts/type1/public/amsfonts/cm/cmex10.pfb></usr/share/texmf-dist/fonts/type1/publi
c/amsfonts/cm/cmmi10.pfb></usr/share/texmf-dist/fonts/type1/public/amsfonts/cm/
cmmi12.pfb></usr/share/texmf-dist/fonts/type1/public/amsfonts/cm/cmmi5.pfb></us
r/share/texmf-dist/fonts/type1/public/amsfonts/cm/cmmi7.pfb></usr/share/texmf-d
ist/fonts/type1/public/amsfonts/cm/cmr10.pfb></usr/share/texmf-dist/fonts/type1
/public/amsfonts/cm/cmr5.pfb></usr/share/texmf-dist/fonts/type1/public/amsfonts
/cm/cmr7.pfb></usr/share/texmf-dist/fonts/type1/public/amsfonts/cm/cmsy10.pfb><
/usr/share/texmf-dist/fonts/type1/public/amsfonts/cm/cmsy5.pfb></usr/share/texm
f-dist/fonts/type1/public/amsfonts/cm/cmsy7.pfb></usr/share/texmf-dist/fonts/ty
pe1/public/amsfonts/symbols/msbm10.pfb></usr/share/texmf-dist/fonts/type1/publi
c/amsfonts/symbols/msbm7.pfb></usr/share/texmf-dist/fonts/type1/urw/helvetic/uh
vb8a.pfb></usr/share/texmf-dist/fonts/type1/urw/helvetic/uhvbo8a.pfb></usr/shar
e/texmf-dist/fonts/type1/urw/times/utmb8a.pfb></usr/share/texmf-dist/fonts/type
1/urw/times/utmr8a.pfb></usr/share/texmf-dist/fonts/type1/urw/times/utmri8a.pfb
>
Output written on StaeI.pdf (110 pages, 1734137 bytes).
PDF statistics:
 1956 PDF objects out of 2073 (max. 8388607)
 1711 compressed objects within 18 object streams
 715 named destinations out of 1000 (max. 500000)
 904 words of extra memory for PDF output out of 10000 (max. 10000000)

