\BOOKMARK [0][-]{chapter.1}{T\366lur og f\366ll}{}% 1
\BOOKMARK [1][-]{section.1.1}{Inngangur}{chapter.1}% 2
\BOOKMARK [1][-]{section.1.2}{T\366lur}{chapter.1}% 3
\BOOKMARK [1][-]{section.1.3}{Bil}{chapter.1}% 4
\BOOKMARK [1][-]{section.1.4}{F\366ll}{chapter.1}% 5
\BOOKMARK [0][-]{chapter.2}{Markgildi og samfelldni}{}% 6
\BOOKMARK [1][-]{section.2.1}{Markgildi}{chapter.2}% 7
\BOOKMARK [1][-]{section.2.2}{Markgildi fr\341 h\346gri og vinstri}{chapter.2}% 8
\BOOKMARK [1][-]{section.2.3}{Reiknireglur fyrir markgildi}{chapter.2}% 9
\BOOKMARK [1][-]{section.2.4}{Markgildi \376egar x stefnir \341 \363endanlegt}{chapter.2}% 10
\BOOKMARK [1][-]{section.2.5}{\323endanlegt sem markgildi}{chapter.2}% 11
\BOOKMARK [1][-]{section.2.6}{Samfelldni}{chapter.2}% 12
\BOOKMARK [1][-]{section.2.7}{H\346gri/vinstri samfelldni}{chapter.2}% 13
\BOOKMARK [1][-]{section.2.8}{Eiginleikar samfelldra falla}{chapter.2}% 14
\BOOKMARK [0][-]{chapter.3}{Aflei\360ur}{}% 15
\BOOKMARK [1][-]{section.3.1}{Skilgreining \341 aflei\360u}{chapter.3}% 16
\BOOKMARK [1][-]{section.3.2}{\332tv\355kkun fyrir loku\360 bil}{chapter.3}% 17
\BOOKMARK [1][-]{section.3.3}{Reiknireglur}{chapter.3}% 18
\BOOKMARK [1][-]{section.3.4}{H\346rri aflei\360ur}{chapter.3}% 19
\BOOKMARK [1][-]{section.3.5}{\332tgildi}{chapter.3}% 20
\BOOKMARK [1][-]{section.3.6}{Hornaf\366ll og aflei\360ur \376eirra}{chapter.3}% 21
\BOOKMARK [1][-]{section.3.7}{Me\360algildissetningin}{chapter.3}% 22
\BOOKMARK [1][-]{section.3.8}{Vaxandi og minnkandi f\366ll}{chapter.3}% 23
\BOOKMARK [1][-]{section.3.9}{F\363lgin diffrun}{chapter.3}% 24
\BOOKMARK [1][-]{section.3.10}{Andhverf f\366ll}{chapter.3}% 25
\BOOKMARK [1][-]{section.3.11}{L\355nulegar n\341lganir}{chapter.3}% 26
\BOOKMARK [1][-]{section.3.12}{Taylormargli\360ur}{chapter.3}% 27
\BOOKMARK [1][-]{section.3.13}{Regla l\220H\364pital}{chapter.3}% 28
\BOOKMARK [0][-]{chapter.4}{Torr\346\360 f\366ll}{}% 29
\BOOKMARK [1][-]{section.4.1}{N\341tt\372rlegi logrinn}{chapter.4}% 30
\BOOKMARK [1][-]{section.4.2}{Veldisv\355sisfalli\360}{chapter.4}% 31
\BOOKMARK [1][-]{section.4.3}{\326nnur veldisv\355sisf\366ll og lograr}{chapter.4}% 32
\BOOKMARK [1][-]{section.4.4}{Eiginleikar veldisv\355sisfalla og logra}{chapter.4}% 33
\BOOKMARK [1][-]{section.4.5}{Andhverfur hornafalla}{chapter.4}% 34
\BOOKMARK [1][-]{section.4.6}{Brei\360bogaf\366ll}{chapter.4}% 35
\BOOKMARK [1][-]{section.4.7}{Andhverfur brei\360bogafalla}{chapter.4}% 36
\BOOKMARK [0][-]{chapter.5}{K\366nnun falla}{}% 37
\BOOKMARK [1][-]{section.5.1}{Inngangur}{chapter.5}% 38
\BOOKMARK [1][-]{section.5.2}{K\372pni}{chapter.5}% 39
\BOOKMARK [1][-]{section.5.3}{Au\360kenning \341 k\372pni me\360 aflei\360um}{chapter.5}% 40
\BOOKMARK [1][-]{section.5.4}{Beygjuskilapunktar}{chapter.5}% 41
\BOOKMARK [1][-]{section.5.5}{\332tgildi}{chapter.5}% 42
\BOOKMARK [1][-]{section.5.6}{A\360fellur}{chapter.5}% 43
\BOOKMARK [1][-]{section.5.7}{A\360 teikna graf falls}{chapter.5}% 44
\BOOKMARK [1][-]{section.5.8}{\332tgildisverkefni}{chapter.5}% 45
\BOOKMARK [0][-]{chapter.6}{Heildun}{}% 46
\BOOKMARK [1][-]{section.6.1}{Heildun}{chapter.6}% 47
\BOOKMARK [1][-]{section.6.2}{Undir- og yfirsummur}{chapter.6}% 48
\BOOKMARK [1][-]{section.6.3}{Eiginleikar heildisins}{chapter.6}% 49
\BOOKMARK [1][-]{section.6.4}{Undirst\366\360usetning st\346r\360fr\346\360igreiningarinnar}{chapter.6}% 50
\BOOKMARK [1][-]{section.6.5}{Stofnf\366ll}{chapter.6}% 51
\BOOKMARK [1][-]{section.6.6}{A\360fer\360ir vi\360 a\360 reikna stofnf\366ll}{chapter.6}% 52
\BOOKMARK [1][-]{section.6.7}{\323eiginleg heildi}{chapter.6}% 53
\BOOKMARK [0][-]{chapter.7}{R\372mm\341l, massi og massami\360ja}{}% 54
\BOOKMARK [1][-]{section.7.1}{R\372mm\341l, lengd og flatarm\341l}{chapter.7}% 55
\BOOKMARK [1][-]{section.7.2}{Massi}{chapter.7}% 56
\BOOKMARK [1][-]{section.7.3}{Massami\360ja}{chapter.7}% 57
\BOOKMARK [0][-]{chapter.8}{Diffurj\366fnur}{}% 58
\BOOKMARK [1][-]{section.8.1}{Diffurj\366fnur}{chapter.8}% 59
\BOOKMARK [1][-]{section.8.2}{L\355nulegar fyrsta stigs diffurj\366fnur}{chapter.8}% 60
\BOOKMARK [1][-]{section.8.3}{L\355nulegar annars stigs diffurj\366fnur me\360 fastastu\360la}{chapter.8}% 61
\BOOKMARK [1][-]{section.8.4}{\301giskanir}{chapter.8}% 62
\BOOKMARK [1][-]{section.8.5}{Samantekt}{chapter.8}% 63
\BOOKMARK [0][-]{chapter.9}{Runur og ra\360ir}{}% 64
\BOOKMARK [1][-]{section.9.1}{Runur}{chapter.9}% 65
\BOOKMARK [1][-]{section.9.2}{Ra\360ir}{chapter.9}% 66
\BOOKMARK [1][-]{section.9.3}{Samleitnipr\363f fyrir ra\360ir}{chapter.9}% 67
\BOOKMARK [1][-]{section.9.4}{Alsamleitni}{chapter.9}% 68
\BOOKMARK [0][-]{chapter.10}{Veldara\360ir}{}% 69
\BOOKMARK [1][-]{section.10.1}{Veldara\360ir}{chapter.10}% 70
\BOOKMARK [1][-]{section.10.2}{Samleitnipr\363f}{chapter.10}% 71
\BOOKMARK [1][-]{section.10.3}{Taylorra\360ir}{chapter.10}% 72
\BOOKMARK [0][-]{chapter.11}{Vi\360auki}{}% 73
\BOOKMARK [1][-]{section.11.1}{Kennslu\341\346tlun}{chapter.11}% 74
\BOOKMARK [1][-]{section.11.2}{Skipulag n\341mskei\360sins}{chapter.11}% 75
\BOOKMARK [1][-]{section.11.3}{Fr\341gangur skilad\346ma}{chapter.11}% 76
\BOOKMARK [1][-]{section.11.4}{\315tarefni}{chapter.11}% 77
\BOOKMARK [1][-]{section.11.5}{A\360 l\346ra st\346r\360fr\346\360i}{chapter.11}% 78
\BOOKMARK [0][-]{chapter.12}{Or\360askr\341}{}% 79
\BOOKMARK [0][-]{section*.19}{Atri\360isor\360askr\341}{}% 80
